[debug] [2025-02-27T22:39:37.709Z] ----------------------------------------------------------------------
[debug] [2025-02-27T22:39:37.711Z] Command:       /usr/local/share/nvm/versions/node/v20.18.1/bin/node /home/codespace/nvm/current/bin/firebase deploy --only functions
[debug] [2025-02-27T22:39:37.711Z] CLI Version:   13.31.2
[debug] [2025-02-27T22:39:37.712Z] Platform:      linux
[debug] [2025-02-27T22:39:37.712Z] Node Version:  v20.18.1
[debug] [2025-02-27T22:39:37.712Z] Time:          Thu Feb 27 2025 22:39:37 GMT+0000 (Coordinated Universal Time)
[debug] [2025-02-27T22:39:37.712Z] Env Overrides: GITHUB_API_URL, GITHUB_API_URL
[debug] [2025-02-27T22:39:37.712Z] ----------------------------------------------------------------------
[debug] 
[debug] [2025-02-27T22:39:38.027Z] > command requires scopes: ["email","openid","https://www.googleapis.com/auth/cloudplatformprojects.readonly","https://www.googleapis.com/auth/firebase","https://www.googleapis.com/auth/cloud-platform"]
[debug] [2025-02-27T22:39:38.028Z] > authorizing via signed-in user (winneronezohaib@gmail.com)
[debug] [2025-02-27T22:39:38.028Z] [iam] checking project helphive-a462e for permissions ["cloudfunctions.functions.create","cloudfunctions.functions.delete","cloudfunctions.functions.get","cloudfunctions.functions.list","cloudfunctions.functions.update","cloudfunctions.operations.get","firebase.projects.get"]
[debug] [2025-02-27T22:39:38.029Z] Checked if tokens are valid: true, expires at: 1740698954294
[debug] [2025-02-27T22:39:38.029Z] Checked if tokens are valid: true, expires at: 1740698954294
[debug] [2025-02-27T22:39:38.030Z] >>> [apiv2][query] POST https://cloudresourcemanager.googleapis.com/v1/projects/helphive-a462e:testIamPermissions [none]
[debug] [2025-02-27T22:39:38.030Z] >>> [apiv2][(partial)header] POST https://cloudresourcemanager.googleapis.com/v1/projects/helphive-a462e:testIamPermissions x-goog-quota-user=projects/helphive-a462e
[debug] [2025-02-27T22:39:38.030Z] >>> [apiv2][body] POST https://cloudresourcemanager.googleapis.com/v1/projects/helphive-a462e:testIamPermissions {"permissions":["cloudfunctions.functions.create","cloudfunctions.functions.delete","cloudfunctions.functions.get","cloudfunctions.functions.list","cloudfunctions.functions.update","cloudfunctions.operations.get","firebase.projects.get"]}
[debug] [2025-02-27T22:39:38.190Z] <<< [apiv2][status] POST https://cloudresourcemanager.googleapis.com/v1/projects/helphive-a462e:testIamPermissions 200
[debug] [2025-02-27T22:39:38.190Z] <<< [apiv2][body] POST https://cloudresourcemanager.googleapis.com/v1/projects/helphive-a462e:testIamPermissions {"permissions":["cloudfunctions.functions.create","cloudfunctions.functions.delete","cloudfunctions.functions.get","cloudfunctions.functions.list","cloudfunctions.functions.update","cloudfunctions.operations.get","firebase.projects.get"]}
[debug] [2025-02-27T22:39:38.191Z] Checked if tokens are valid: true, expires at: 1740698954294
[debug] [2025-02-27T22:39:38.191Z] Checked if tokens are valid: true, expires at: 1740698954294
[debug] [2025-02-27T22:39:38.191Z] >>> [apiv2][query] POST https://iam.googleapis.com/v1/projects/helphive-a462e/serviceAccounts/helphive-a462e@appspot.gserviceaccount.com:testIamPermissions [none]
[debug] [2025-02-27T22:39:38.191Z] >>> [apiv2][body] POST https://iam.googleapis.com/v1/projects/helphive-a462e/serviceAccounts/helphive-a462e@appspot.gserviceaccount.com:testIamPermissions {"permissions":["iam.serviceAccounts.actAs"]}
[debug] [2025-02-27T22:39:38.509Z] <<< [apiv2][status] POST https://iam.googleapis.com/v1/projects/helphive-a462e/serviceAccounts/helphive-a462e@appspot.gserviceaccount.com:testIamPermissions 200
[debug] [2025-02-27T22:39:38.510Z] <<< [apiv2][body] POST https://iam.googleapis.com/v1/projects/helphive-a462e/serviceAccounts/helphive-a462e@appspot.gserviceaccount.com:testIamPermissions {"permissions":["iam.serviceAccounts.actAs"]}
[info] 
[info] === Deploying to 'helphive-a462e'...
[info] 
[info] i  deploying functions 
[debug] [2025-02-27T22:39:38.512Z] Checked if tokens are valid: true, expires at: 1740698954294
[debug] [2025-02-27T22:39:38.512Z] Checked if tokens are valid: true, expires at: 1740698954294
[debug] [2025-02-27T22:39:38.512Z] >>> [apiv2][query] GET https://cloudresourcemanager.googleapis.com/v1/projects/helphive-a462e [none]
[debug] [2025-02-27T22:39:38.636Z] <<< [apiv2][status] GET https://cloudresourcemanager.googleapis.com/v1/projects/helphive-a462e 200
[debug] [2025-02-27T22:39:38.636Z] <<< [apiv2][body] GET https://cloudresourcemanager.googleapis.com/v1/projects/helphive-a462e {"projectNumber":"677989373634","projectId":"helphive-a462e","lifecycleState":"ACTIVE","name":"HelpHive","labels":{"firebase":"enabled"},"createTime":"2024-10-29T20:00:27.958927Z"}
[info] i  functions: preparing codebase default for deployment 
[info] i  functions: ensuring required API cloudfunctions.googleapis.com is enabled... 
[debug] [2025-02-27T22:39:38.637Z] Checked if tokens are valid: true, expires at: 1740698954294
[debug] [2025-02-27T22:39:38.638Z] Checked if tokens are valid: true, expires at: 1740698954294
[debug] [2025-02-27T22:39:38.638Z] Checked if tokens are valid: true, expires at: 1740698954294
[debug] [2025-02-27T22:39:38.638Z] Checked if tokens are valid: true, expires at: 1740698954294
[info] i  functions: ensuring required API cloudbuild.googleapis.com is enabled... 
[debug] [2025-02-27T22:39:38.638Z] Checked if tokens are valid: true, expires at: 1740698954294
[debug] [2025-02-27T22:39:38.638Z] Checked if tokens are valid: true, expires at: 1740698954294
[info] i  artifactregistry: ensuring required API artifactregistry.googleapis.com is enabled... 
[debug] [2025-02-27T22:39:38.638Z] Checked if tokens are valid: true, expires at: 1740698954294
[debug] [2025-02-27T22:39:38.638Z] Checked if tokens are valid: true, expires at: 1740698954294
[debug] [2025-02-27T22:39:38.639Z] >>> [apiv2][query] GET https://serviceusage.googleapis.com/v1/projects/helphive-a462e/services/cloudfunctions.googleapis.com [none]
[debug] [2025-02-27T22:39:38.639Z] >>> [apiv2][(partial)header] GET https://serviceusage.googleapis.com/v1/projects/helphive-a462e/services/cloudfunctions.googleapis.com x-goog-quota-user=projects/helphive-a462e
[debug] [2025-02-27T22:39:38.640Z] >>> [apiv2][query] GET https://serviceusage.googleapis.com/v1/projects/helphive-a462e/services/runtimeconfig.googleapis.com [none]
[debug] [2025-02-27T22:39:38.640Z] >>> [apiv2][(partial)header] GET https://serviceusage.googleapis.com/v1/projects/helphive-a462e/services/runtimeconfig.googleapis.com x-goog-quota-user=projects/helphive-a462e
[debug] [2025-02-27T22:39:38.641Z] >>> [apiv2][query] GET https://serviceusage.googleapis.com/v1/projects/helphive-a462e/services/cloudbuild.googleapis.com [none]
[debug] [2025-02-27T22:39:38.641Z] >>> [apiv2][(partial)header] GET https://serviceusage.googleapis.com/v1/projects/helphive-a462e/services/cloudbuild.googleapis.com x-goog-quota-user=projects/helphive-a462e
[debug] [2025-02-27T22:39:38.642Z] >>> [apiv2][query] GET https://serviceusage.googleapis.com/v1/projects/helphive-a462e/services/artifactregistry.googleapis.com [none]
[debug] [2025-02-27T22:39:38.642Z] >>> [apiv2][(partial)header] GET https://serviceusage.googleapis.com/v1/projects/helphive-a462e/services/artifactregistry.googleapis.com x-goog-quota-user=projects/helphive-a462e
[debug] [2025-02-27T22:39:38.810Z] <<< [apiv2][status] GET https://serviceusage.googleapis.com/v1/projects/helphive-a462e/services/artifactregistry.googleapis.com 200
[debug] [2025-02-27T22:39:38.810Z] <<< [apiv2][body] GET https://serviceusage.googleapis.com/v1/projects/helphive-a462e/services/artifactregistry.googleapis.com [omitted]
[info] ✔  artifactregistry: required API artifactregistry.googleapis.com is enabled 
[debug] [2025-02-27T22:39:38.831Z] <<< [apiv2][status] GET https://serviceusage.googleapis.com/v1/projects/helphive-a462e/services/cloudfunctions.googleapis.com 200
[debug] [2025-02-27T22:39:38.831Z] <<< [apiv2][body] GET https://serviceusage.googleapis.com/v1/projects/helphive-a462e/services/cloudfunctions.googleapis.com [omitted]
[info] ✔  functions: required API cloudfunctions.googleapis.com is enabled 
[debug] [2025-02-27T22:39:39.004Z] <<< [apiv2][status] GET https://serviceusage.googleapis.com/v1/projects/helphive-a462e/services/cloudbuild.googleapis.com 200
[debug] [2025-02-27T22:39:39.005Z] <<< [apiv2][body] GET https://serviceusage.googleapis.com/v1/projects/helphive-a462e/services/cloudbuild.googleapis.com [omitted]
[info] ✔  functions: required API cloudbuild.googleapis.com is enabled 
[debug] [2025-02-27T22:39:39.016Z] <<< [apiv2][status] GET https://serviceusage.googleapis.com/v1/projects/helphive-a462e/services/runtimeconfig.googleapis.com 200
[debug] [2025-02-27T22:39:39.016Z] <<< [apiv2][body] GET https://serviceusage.googleapis.com/v1/projects/helphive-a462e/services/runtimeconfig.googleapis.com [omitted]
[debug] [2025-02-27T22:39:39.016Z] Checked if tokens are valid: true, expires at: 1740698954294
[debug] [2025-02-27T22:39:39.016Z] Checked if tokens are valid: true, expires at: 1740698954294
[debug] [2025-02-27T22:39:39.016Z] >>> [apiv2][query] GET https://firebase.googleapis.com/v1beta1/projects/helphive-a462e/adminSdkConfig [none]
[debug] [2025-02-27T22:39:39.194Z] <<< [apiv2][status] GET https://firebase.googleapis.com/v1beta1/projects/helphive-a462e/adminSdkConfig 200
[debug] [2025-02-27T22:39:39.195Z] <<< [apiv2][body] GET https://firebase.googleapis.com/v1beta1/projects/helphive-a462e/adminSdkConfig {"projectId":"helphive-a462e","storageBucket":"helphive-a462e.firebasestorage.app"}
[debug] [2025-02-27T22:39:39.195Z] Checked if tokens are valid: true, expires at: 1740698954294
[debug] [2025-02-27T22:39:39.195Z] Checked if tokens are valid: true, expires at: 1740698954294
[debug] [2025-02-27T22:39:39.195Z] >>> [apiv2][query] GET https://runtimeconfig.googleapis.com/v1beta1/projects/helphive-a462e/configs [none]
[debug] [2025-02-27T22:39:39.380Z] <<< [apiv2][status] GET https://runtimeconfig.googleapis.com/v1beta1/projects/helphive-a462e/configs 200
[debug] [2025-02-27T22:39:39.380Z] <<< [apiv2][body] GET https://runtimeconfig.googleapis.com/v1beta1/projects/helphive-a462e/configs {"configs":[{"name":"projects/helphive-a462e/configs/sendgrid"}]}
[debug] [2025-02-27T22:39:39.380Z] Checked if tokens are valid: true, expires at: 1740698954294
[debug] [2025-02-27T22:39:39.380Z] Checked if tokens are valid: true, expires at: 1740698954294
[debug] [2025-02-27T22:39:39.381Z] >>> [apiv2][query] GET https://runtimeconfig.googleapis.com/v1beta1/projects/helphive-a462e/configs/sendgrid/variables [none]
[debug] [2025-02-27T22:39:39.516Z] <<< [apiv2][status] GET https://runtimeconfig.googleapis.com/v1beta1/projects/helphive-a462e/configs/sendgrid/variables 200
[debug] [2025-02-27T22:39:39.516Z] <<< [apiv2][body] GET https://runtimeconfig.googleapis.com/v1beta1/projects/helphive-a462e/configs/sendgrid/variables {"variables":[{"name":"projects/helphive-a462e/configs/sendgrid/variables/apikey","updateTime":"2025-02-27T22:39:15.889440525Z"},{"name":"projects/helphive-a462e/configs/sendgrid/variables/key","updateTime":"2025-02-26T23:29:37.709252984Z"}]}
[debug] [2025-02-27T22:39:39.516Z] Checked if tokens are valid: true, expires at: 1740698954294
[debug] [2025-02-27T22:39:39.516Z] Checked if tokens are valid: true, expires at: 1740698954294
[debug] [2025-02-27T22:39:39.517Z] Checked if tokens are valid: true, expires at: 1740698954294
[debug] [2025-02-27T22:39:39.517Z] Checked if tokens are valid: true, expires at: 1740698954294
[debug] [2025-02-27T22:39:39.517Z] >>> [apiv2][query] GET https://runtimeconfig.googleapis.com/v1beta1/projects/helphive-a462e/configs/sendgrid/variables/apikey [none]
[debug] [2025-02-27T22:39:39.517Z] >>> [apiv2][query] GET https://runtimeconfig.googleapis.com/v1beta1/projects/helphive-a462e/configs/sendgrid/variables/key [none]
[debug] [2025-02-27T22:39:39.650Z] <<< [apiv2][status] GET https://runtimeconfig.googleapis.com/v1beta1/projects/helphive-a462e/configs/sendgrid/variables/apikey 200
[debug] [2025-02-27T22:39:39.650Z] <<< [apiv2][body] GET https://runtimeconfig.googleapis.com/v1beta1/projects/helphive-a462e/configs/sendgrid/variables/apikey {"name":"projects/helphive-a462e/configs/sendgrid/variables/apikey","updateTime":"2025-02-27T22:39:15.889440525Z","text":"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"}
[debug] [2025-02-27T22:39:39.664Z] <<< [apiv2][status] GET https://runtimeconfig.googleapis.com/v1beta1/projects/helphive-a462e/configs/sendgrid/variables/key 200
[debug] [2025-02-27T22:39:39.664Z] <<< [apiv2][body] GET https://runtimeconfig.googleapis.com/v1beta1/projects/helphive-a462e/configs/sendgrid/variables/key {"name":"projects/helphive-a462e/configs/sendgrid/variables/key","updateTime":"2025-02-26T23:29:37.709252984Z","text":"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"}
[debug] [2025-02-27T22:39:39.665Z] Validating nodejs source
[debug] [2025-02-27T22:39:40.151Z] > [functions] package.json contents: {
  "name": "functions",
  "description": "Cloud Functions for Firebase",
  "scripts": {
    "serve": "firebase emulators:start --only functions",
    "shell": "firebase functions:shell",
    "start": "npm run shell",
    "deploy": "firebase deploy --only functions",
    "logs": "firebase functions:log"
  },
  "engines": {
    "node": "22"
  },
  "main": "index.js",
  "dependencies": {
    "@sendgrid/mail": "^8.1.4",
    "firebase-admin": "^12.7.0",
    "firebase-functions": "^6.3.2"
  },
  "devDependencies": {
    "firebase-functions-test": "^3.1.0"
  },
  "private": true
}
[debug] [2025-02-27T22:39:40.151Z] Building nodejs source
[info] i  functions: Loading and analyzing source code for codebase default to determine what to deploy 
[debug] [2025-02-27T22:39:40.152Z] Could not find functions.yaml. Must use http discovery
[debug] [2025-02-27T22:39:40.155Z] Found firebase-functions binary at '/workspaces/7th-period-isp-volunteer-app/my-expo-project/functions/node_modules/.bin/firebase-functions'
[info] Serving at port 8956

[debug] [2025-02-27T22:39:40.540Z] Got response from /__/functions.yaml {"endpoints":{"sendEmail":{"availableMemoryMb":null,"timeoutSeconds":null,"minInstances":null,"maxInstances":null,"ingressSettings":null,"concurrency":null,"serviceAccountEmail":null,"vpc":null,"platform":"gcfv2","labels":{},"callableTrigger":{},"entryPoint":"sendEmail"}},"specVersion":"v1alpha1","requiredAPIs":[],"extensions":{}}
[info] i  extensions: ensuring required API firebaseextensions.googleapis.com is enabled... 
[debug] [2025-02-27T22:39:44.559Z] Checked if tokens are valid: true, expires at: 1740698954294
[debug] [2025-02-27T22:39:44.559Z] Checked if tokens are valid: true, expires at: 1740698954294
[debug] [2025-02-27T22:39:44.560Z] >>> [apiv2][query] GET https://serviceusage.googleapis.com/v1/projects/helphive-a462e/services/firebaseextensions.googleapis.com [none]
[debug] [2025-02-27T22:39:44.560Z] >>> [apiv2][(partial)header] GET https://serviceusage.googleapis.com/v1/projects/helphive-a462e/services/firebaseextensions.googleapis.com x-goog-quota-user=projects/helphive-a462e
[debug] [2025-02-27T22:39:44.907Z] <<< [apiv2][status] GET https://serviceusage.googleapis.com/v1/projects/helphive-a462e/services/firebaseextensions.googleapis.com 200
[debug] [2025-02-27T22:39:44.907Z] <<< [apiv2][body] GET https://serviceusage.googleapis.com/v1/projects/helphive-a462e/services/firebaseextensions.googleapis.com [omitted]
[info] ✔  extensions: required API firebaseextensions.googleapis.com is enabled 
[debug] [2025-02-27T22:39:44.908Z] > command requires scopes: ["email","openid","https://www.googleapis.com/auth/cloudplatformprojects.readonly","https://www.googleapis.com/auth/firebase","https://www.googleapis.com/auth/cloud-platform"]
[debug] [2025-02-27T22:39:44.908Z] > authorizing via signed-in user (winneronezohaib@gmail.com)
[debug] [2025-02-27T22:39:44.908Z] [iam] checking project helphive-a462e for permissions ["firebase.projects.get","firebaseextensions.instances.list"]
[debug] [2025-02-27T22:39:44.908Z] Checked if tokens are valid: true, expires at: 1740698954294
[debug] [2025-02-27T22:39:44.908Z] Checked if tokens are valid: true, expires at: 1740698954294
[debug] [2025-02-27T22:39:44.908Z] >>> [apiv2][query] POST https://cloudresourcemanager.googleapis.com/v1/projects/helphive-a462e:testIamPermissions [none]
[debug] [2025-02-27T22:39:44.908Z] >>> [apiv2][(partial)header] POST https://cloudresourcemanager.googleapis.com/v1/projects/helphive-a462e:testIamPermissions x-goog-quota-user=projects/helphive-a462e
[debug] [2025-02-27T22:39:44.908Z] >>> [apiv2][body] POST https://cloudresourcemanager.googleapis.com/v1/projects/helphive-a462e:testIamPermissions {"permissions":["firebase.projects.get","firebaseextensions.instances.list"]}
[debug] [2025-02-27T22:39:45.002Z] <<< [apiv2][status] POST https://cloudresourcemanager.googleapis.com/v1/projects/helphive-a462e:testIamPermissions 200
[debug] [2025-02-27T22:39:45.002Z] <<< [apiv2][body] POST https://cloudresourcemanager.googleapis.com/v1/projects/helphive-a462e:testIamPermissions {"permissions":["firebase.projects.get","firebaseextensions.instances.list"]}
[debug] [2025-02-27T22:39:45.003Z] Checked if tokens are valid: true, expires at: 1740698954294
[debug] [2025-02-27T22:39:45.003Z] Checked if tokens are valid: true, expires at: 1740698954294
[debug] [2025-02-27T22:39:45.003Z] >>> [apiv2][query] GET https://firebaseextensions.googleapis.com/v1beta/projects/helphive-a462e/instances pageSize=100&pageToken=
[debug] [2025-02-27T22:39:45.414Z] <<< [apiv2][status] GET https://firebaseextensions.googleapis.com/v1beta/projects/helphive-a462e/instances 200
[debug] [2025-02-27T22:39:45.414Z] <<< [apiv2][body] GET https://firebaseextensions.googleapis.com/v1beta/projects/helphive-a462e/instances {}
[info] i  functions: preparing functions directory for uploading... 
[info] i  functions: packaged /workspaces/7th-period-isp-volunteer-app/my-expo-project/functions (62.87 KB) for uploading 
[debug] [2025-02-27T22:39:45.445Z] Checked if tokens are valid: true, expires at: 1740698954294
[debug] [2025-02-27T22:39:45.445Z] Checked if tokens are valid: true, expires at: 1740698954294
[debug] [2025-02-27T22:39:45.446Z] >>> [apiv2][query] GET https://cloudfunctions.googleapis.com/v1/projects/helphive-a462e/locations/-/functions [none]
[debug] [2025-02-27T22:39:45.919Z] <<< [apiv2][status] GET https://cloudfunctions.googleapis.com/v1/projects/helphive-a462e/locations/-/functions 200
[debug] [2025-02-27T22:39:45.919Z] <<< [apiv2][body] GET https://cloudfunctions.googleapis.com/v1/projects/helphive-a462e/locations/-/functions {}
[debug] [2025-02-27T22:39:45.920Z] Checked if tokens are valid: true, expires at: 1740698954294
[debug] [2025-02-27T22:39:45.920Z] Checked if tokens are valid: true, expires at: 1740698954294
[debug] [2025-02-27T22:39:45.920Z] >>> [apiv2][query] GET https://cloudfunctions.googleapis.com/v2/projects/helphive-a462e/locations/-/functions filter=environment%3D%22GEN_2%22
[debug] [2025-02-27T22:39:46.352Z] <<< [apiv2][status] GET https://cloudfunctions.googleapis.com/v2/projects/helphive-a462e/locations/-/functions 200
[debug] [2025-02-27T22:39:46.352Z] <<< [apiv2][body] GET https://cloudfunctions.googleapis.com/v2/projects/helphive-a462e/locations/-/functions {"functions":[{"name":"projects/helphive-a462e/locations/us-central1/functions/sendEmail","buildConfig":{"build":"projects/677989373634/locations/us-central1/builds/de8bfeb8-aaac-46a7-82b4-c9b2b98f2f6c","runtime":"nodejs22","entryPoint":"sendEmail","source":{"storageSource":{"bucket":"gcf-v2-sources-677989373634-us-central1","object":"sendEmail/function-source.zip","generation":"1740695674104329"}},"environmentVariables":{"GOOGLE_NODE_RUN_SCRIPTS":""},"dockerRepository":"projects/helphive-a462e/locations/us-central1/repositories/gcf-artifacts","sourceProvenance":{"resolvedStorageSource":{"bucket":"gcf-v2-sources-677989373634-us-central1","object":"sendEmail/function-source.zip","generation":"1740695674104329"}},"dockerRegistry":"ARTIFACT_REGISTRY","serviceAccount":"projects/helphive-a462e/serviceAccounts/677989373634-compute@developer.gserviceaccount.com","automaticUpdatePolicy":{}},"state":"FAILED","updateTime":"2025-02-27T22:36:13.943910049Z","labels":{"deployment-tool":"cli-firebase","firebase-functions-hash":"104cc2a9ed950481a3e27f75a354255501d399e3"},"stateMessages":[{"severity":"ERROR","type":"CloudRunServiceNotFound","message":"Cloud Run service projects/helphive-a462e/locations/us-central1/services/sendemail for the function was not found. The function will not work correctly. Please redeploy."}],"environment":"GEN_2","url":"https://us-central1-helphive-a462e.cloudfunctions.net/sendEmail","createTime":"2025-02-27T22:34:34.356837010Z","satisfiesPzi":true}]}
[info] i  functions: ensuring required API run.googleapis.com is enabled... 
[debug] [2025-02-27T22:39:46.354Z] Checked if tokens are valid: true, expires at: 1740698954294
[debug] [2025-02-27T22:39:46.354Z] Checked if tokens are valid: true, expires at: 1740698954294
[info] i  functions: ensuring required API eventarc.googleapis.com is enabled... 
[debug] [2025-02-27T22:39:46.355Z] Checked if tokens are valid: true, expires at: 1740698954294
[debug] [2025-02-27T22:39:46.355Z] Checked if tokens are valid: true, expires at: 1740698954294
[info] i  functions: ensuring required API pubsub.googleapis.com is enabled... 
[debug] [2025-02-27T22:39:46.355Z] Checked if tokens are valid: true, expires at: 1740698954294
[debug] [2025-02-27T22:39:46.355Z] Checked if tokens are valid: true, expires at: 1740698954294
[info] i  functions: ensuring required API storage.googleapis.com is enabled... 
[debug] [2025-02-27T22:39:46.355Z] Checked if tokens are valid: true, expires at: 1740698954294
[debug] [2025-02-27T22:39:46.355Z] Checked if tokens are valid: true, expires at: 1740698954294
[debug] [2025-02-27T22:39:46.355Z] >>> [apiv2][query] GET https://serviceusage.googleapis.com/v1/projects/helphive-a462e/services/run.googleapis.com [none]
[debug] [2025-02-27T22:39:46.355Z] >>> [apiv2][(partial)header] GET https://serviceusage.googleapis.com/v1/projects/helphive-a462e/services/run.googleapis.com x-goog-quota-user=projects/helphive-a462e
[debug] [2025-02-27T22:39:46.356Z] >>> [apiv2][query] GET https://serviceusage.googleapis.com/v1/projects/helphive-a462e/services/eventarc.googleapis.com [none]
[debug] [2025-02-27T22:39:46.356Z] >>> [apiv2][(partial)header] GET https://serviceusage.googleapis.com/v1/projects/helphive-a462e/services/eventarc.googleapis.com x-goog-quota-user=projects/helphive-a462e
[debug] [2025-02-27T22:39:46.357Z] >>> [apiv2][query] GET https://serviceusage.googleapis.com/v1/projects/helphive-a462e/services/pubsub.googleapis.com [none]
[debug] [2025-02-27T22:39:46.357Z] >>> [apiv2][(partial)header] GET https://serviceusage.googleapis.com/v1/projects/helphive-a462e/services/pubsub.googleapis.com x-goog-quota-user=projects/helphive-a462e
[debug] [2025-02-27T22:39:46.358Z] >>> [apiv2][query] GET https://serviceusage.googleapis.com/v1/projects/helphive-a462e/services/storage.googleapis.com [none]
[debug] [2025-02-27T22:39:46.359Z] >>> [apiv2][(partial)header] GET https://serviceusage.googleapis.com/v1/projects/helphive-a462e/services/storage.googleapis.com x-goog-quota-user=projects/helphive-a462e
[debug] [2025-02-27T22:39:46.658Z] <<< [apiv2][status] GET https://serviceusage.googleapis.com/v1/projects/helphive-a462e/services/eventarc.googleapis.com 200
[debug] [2025-02-27T22:39:46.659Z] <<< [apiv2][body] GET https://serviceusage.googleapis.com/v1/projects/helphive-a462e/services/eventarc.googleapis.com [omitted]
[info] ✔  functions: required API eventarc.googleapis.com is enabled 
[debug] [2025-02-27T22:39:46.679Z] <<< [apiv2][status] GET https://serviceusage.googleapis.com/v1/projects/helphive-a462e/services/run.googleapis.com 200
[debug] [2025-02-27T22:39:46.679Z] <<< [apiv2][body] GET https://serviceusage.googleapis.com/v1/projects/helphive-a462e/services/run.googleapis.com [omitted]
[info] ✔  functions: required API run.googleapis.com is enabled 
[debug] [2025-02-27T22:39:46.717Z] <<< [apiv2][status] GET https://serviceusage.googleapis.com/v1/projects/helphive-a462e/services/storage.googleapis.com 200
[debug] [2025-02-27T22:39:46.717Z] <<< [apiv2][body] GET https://serviceusage.googleapis.com/v1/projects/helphive-a462e/services/storage.googleapis.com [omitted]
[info] ✔  functions: required API storage.googleapis.com is enabled 
[debug] [2025-02-27T22:39:46.740Z] <<< [apiv2][status] GET https://serviceusage.googleapis.com/v1/projects/helphive-a462e/services/pubsub.googleapis.com 200
[debug] [2025-02-27T22:39:46.740Z] <<< [apiv2][body] GET https://serviceusage.googleapis.com/v1/projects/helphive-a462e/services/pubsub.googleapis.com [omitted]
[info] ✔  functions: required API pubsub.googleapis.com is enabled 
[info] i  functions: generating the service identity for pubsub.googleapis.com... 
[debug] [2025-02-27T22:39:46.741Z] Checked if tokens are valid: true, expires at: 1740698954294
[debug] [2025-02-27T22:39:46.741Z] Checked if tokens are valid: true, expires at: 1740698954294
[info] i  functions: generating the service identity for eventarc.googleapis.com... 
[debug] [2025-02-27T22:39:46.741Z] Checked if tokens are valid: true, expires at: 1740698954294
[debug] [2025-02-27T22:39:46.741Z] Checked if tokens are valid: true, expires at: 1740698954294
[debug] [2025-02-27T22:39:46.741Z] >>> [apiv2][query] POST https://serviceusage.googleapis.com/v1beta1/projects/677989373634/services/pubsub.googleapis.com:generateServiceIdentity [none]
[debug] [2025-02-27T22:39:46.742Z] >>> [apiv2][query] POST https://serviceusage.googleapis.com/v1beta1/projects/677989373634/services/eventarc.googleapis.com:generateServiceIdentity [none]
[debug] [2025-02-27T22:39:46.962Z] <<< [apiv2][status] POST https://serviceusage.googleapis.com/v1beta1/projects/677989373634/services/eventarc.googleapis.com:generateServiceIdentity 200
[debug] [2025-02-27T22:39:46.962Z] <<< [apiv2][body] POST https://serviceusage.googleapis.com/v1beta1/projects/677989373634/services/eventarc.googleapis.com:generateServiceIdentity {"name":"operations/finished.DONE_OPERATION","done":true,"response":{"@type":"type.googleapis.com/google.api.serviceusage.v1beta1.ServiceIdentity","email":"service-677989373634@gcp-sa-eventarc.iam.gserviceaccount.com","uniqueId":"112441102217135735647"}}
[debug] [2025-02-27T22:39:47.143Z] <<< [apiv2][status] POST https://serviceusage.googleapis.com/v1beta1/projects/677989373634/services/pubsub.googleapis.com:generateServiceIdentity 200
[debug] [2025-02-27T22:39:47.143Z] <<< [apiv2][body] POST https://serviceusage.googleapis.com/v1beta1/projects/677989373634/services/pubsub.googleapis.com:generateServiceIdentity {"name":"operations/finished.DONE_OPERATION","done":true,"response":{"@type":"type.googleapis.com/google.api.serviceusage.v1beta1.ServiceIdentity","email":"service-677989373634@gcp-sa-pubsub.iam.gserviceaccount.com","uniqueId":"113350269782694569118"}}
[debug] [2025-02-27T22:39:47.144Z] Checked if tokens are valid: true, expires at: 1740698954294
[debug] [2025-02-27T22:39:47.144Z] Checked if tokens are valid: true, expires at: 1740698954294
[debug] [2025-02-27T22:39:47.144Z] >>> [apiv2][query] GET https://cloudresourcemanager.googleapis.com/v1/projects/helphive-a462e [none]
[debug] [2025-02-27T22:39:47.282Z] <<< [apiv2][status] GET https://cloudresourcemanager.googleapis.com/v1/projects/helphive-a462e 200
[debug] [2025-02-27T22:39:47.282Z] <<< [apiv2][body] GET https://cloudresourcemanager.googleapis.com/v1/projects/helphive-a462e {"projectNumber":"677989373634","projectId":"helphive-a462e","lifecycleState":"ACTIVE","name":"HelpHive","labels":{"firebase":"enabled"},"createTime":"2024-10-29T20:00:27.958927Z"}
[debug] [2025-02-27T22:39:47.283Z] Checked if tokens are valid: true, expires at: 1740698954294
[debug] [2025-02-27T22:39:47.283Z] Checked if tokens are valid: true, expires at: 1740698954294
[debug] [2025-02-27T22:39:47.283Z] >>> [apiv2][query] GET https://cloudbilling.googleapis.com/v1/projects/helphive-a462e/billingInfo [none]
[debug] [2025-02-27T22:39:47.418Z] <<< [apiv2][status] GET https://cloudbilling.googleapis.com/v1/projects/helphive-a462e/billingInfo 200
[debug] [2025-02-27T22:39:47.418Z] <<< [apiv2][body] GET https://cloudbilling.googleapis.com/v1/projects/helphive-a462e/billingInfo {"name":"projects/helphive-a462e/billingInfo","projectId":"helphive-a462e","billingAccountName":"billingAccounts/01B6F0-281ECC-D153C8","billingEnabled":true}
[debug] [2025-02-27T22:39:47.419Z] Checked if tokens are valid: true, expires at: 1740698954294
[debug] [2025-02-27T22:39:47.419Z] Checked if tokens are valid: true, expires at: 1740698954294
[debug] [2025-02-27T22:39:47.419Z] >>> [apiv2][query] POST https://cloudfunctions.googleapis.com/v2/projects/helphive-a462e/locations/us-central1/functions:generateUploadUrl [none]
[debug] [2025-02-27T22:39:47.789Z] <<< [apiv2][status] POST https://cloudfunctions.googleapis.com/v2/projects/helphive-a462e/locations/us-central1/functions:generateUploadUrl 200
[debug] [2025-02-27T22:39:47.789Z] <<< [apiv2][body] POST https://cloudfunctions.googleapis.com/v2/projects/helphive-a462e/locations/us-central1/functions:generateUploadUrl {"uploadUrl":"https://storage.googleapis.com/gcf-v2-uploads-677989373634.us-central1.cloudfunctions.appspot.com/d4447c18-3f13-43d1-bc77-f303923ca5be.zip?GoogleAccessId=service-677989373634@gcf-admin-robot.iam.gserviceaccount.com&Expires=1740697787&Signature=rnD0spW5vhaLGvQG3HloF38dkryV6MlEYF%2BWMs6MBg5LxRUIOeJBTiy4MolcbNL4HJWztDm8ssGhZvtd%2B%2Fay87pzwPqvPg2eSQ4fiHC02J0w%2FpMgBfXsSmNgGUXLUJDzqlEKgEdKpaRi89hsVmNAeRvzc4LRBQZN%2BdIPqUL%2FH2ets5gqdfwnxDYOwoszGrMbmQo3TnudZFYNhzqGW3m%2FYHL5w%2BTL3IF0P1axz5lPeHi7L3hOGDhR49gtoYg2OiwWq%2F%2F2WJx4tWausput3Gh%2FrHpVuy76qsydM41T5qRCOACw17ZhJ83JGiAVf9SrVbMZV9QsB7UrooCRFddz5KU%2FmA%3D%3D","storageSource":{"bucket":"gcf-v2-uploads-677989373634.us-central1.cloudfunctions.appspot.com","object":"d4447c18-3f13-43d1-bc77-f303923ca5be.zip"}}
[debug] [2025-02-27T22:39:47.790Z] >>> [apiv2][query] PUT https://storage.googleapis.com/gcf-v2-uploads-677989373634.us-central1.cloudfunctions.appspot.com/d4447c18-3f13-43d1-bc77-f303923ca5be.zip GoogleAccessId=service-677989373634%40gcf-admin-robot.iam.gserviceaccount.com&Expires=1740697787&Signature=rnD0spW5vhaLGvQG3HloF38dkryV6MlEYF%2BWMs6MBg5LxRUIOeJBTiy4MolcbNL4HJWztDm8ssGhZvtd%2B%2Fay87pzwPqvPg2eSQ4fiHC02J0w%2FpMgBfXsSmNgGUXLUJDzqlEKgEdKpaRi89hsVmNAeRvzc4LRBQZN%2BdIPqUL%2FH2ets5gqdfwnxDYOwoszGrMbmQo3TnudZFYNhzqGW3m%2FYHL5w%2BTL3IF0P1axz5lPeHi7L3hOGDhR49gtoYg2OiwWq%2F%2F2WJx4tWausput3Gh%2FrHpVuy76qsydM41T5qRCOACw17ZhJ83JGiAVf9SrVbMZV9QsB7UrooCRFddz5KU%2FmA%3D%3D
[debug] [2025-02-27T22:39:47.790Z] >>> [apiv2][body] PUT https://storage.googleapis.com/gcf-v2-uploads-677989373634.us-central1.cloudfunctions.appspot.com/d4447c18-3f13-43d1-bc77-f303923ca5be.zip [stream]
[debug] [2025-02-27T22:39:48.028Z] <<< [apiv2][status] PUT https://storage.googleapis.com/gcf-v2-uploads-677989373634.us-central1.cloudfunctions.appspot.com/d4447c18-3f13-43d1-bc77-f303923ca5be.zip 200
[debug] [2025-02-27T22:39:48.028Z] <<< [apiv2][body] PUT https://storage.googleapis.com/gcf-v2-uploads-677989373634.us-central1.cloudfunctions.appspot.com/d4447c18-3f13-43d1-bc77-f303923ca5be.zip [omitted]
[info] ✔  functions: functions folder uploaded successfully 
[info] i  functions: updating Node.js 22 (2nd Gen) function sendEmail(us-central1)... 
[debug] [2025-02-27T22:39:48.031Z] Checked if tokens are valid: true, expires at: 1740698954294
[debug] [2025-02-27T22:39:48.032Z] Checked if tokens are valid: true, expires at: 1740698954294
[debug] [2025-02-27T22:39:48.032Z] >>> [apiv2][query] PATCH https://cloudfunctions.googleapis.com/v2/projects/helphive-a462e/locations/us-central1/functions/sendEmail updateMask=name%2CbuildConfig.runtime%2CbuildConfig.entryPoint%2CbuildConfig.source.storageSource.bucket%2CbuildConfig.source.storageSource.object%2CbuildConfig.environmentVariables%2CbuildConfig.sourceToken%2CserviceConfig.environmentVariables%2CserviceConfig.ingressSettings%2CserviceConfig.timeoutSeconds%2CserviceConfig.serviceAccountEmail%2CserviceConfig.availableMemory%2CserviceConfig.minInstanceCount%2CserviceConfig.maxInstanceCount%2CserviceConfig.maxInstanceRequestConcurrency%2CserviceConfig.availableCpu%2CserviceConfig.vpcConnector%2CserviceConfig.vpcConnectorEgressSettings%2Clabels%2CbuildConfig.buildEnvironmentVariables
[debug] [2025-02-27T22:39:48.032Z] >>> [apiv2][body] PATCH https://cloudfunctions.googleapis.com/v2/projects/helphive-a462e/locations/us-central1/functions/sendEmail {"name":"projects/helphive-a462e/locations/us-central1/functions/sendEmail","buildConfig":{"runtime":"nodejs22","entryPoint":"sendEmail","source":{"storageSource":{"bucket":"gcf-v2-uploads-677989373634.us-central1.cloudfunctions.appspot.com","object":"d4447c18-3f13-43d1-bc77-f303923ca5be.zip"}},"environmentVariables":{"GOOGLE_NODE_RUN_SCRIPTS":""}},"serviceConfig":{"environmentVariables":{"FIREBASE_CONFIG":"{\"projectId\":\"helphive-a462e\",\"storageBucket\":\"helphive-a462e.firebasestorage.app\"}","GCLOUD_PROJECT":"helphive-a462e","EVENTARC_CLOUD_EVENT_SOURCE":"projects/helphive-a462e/locations/us-central1/services/sendEmail","FUNCTION_TARGET":"sendEmail"},"ingressSettings":null,"timeoutSeconds":null,"serviceAccountEmail":null,"availableMemory":"256Mi","minInstanceCount":null,"maxInstanceCount":null,"maxInstanceRequestConcurrency":80,"availableCpu":"1","vpcConnector":null,"vpcConnectorEgressSettings":null},"labels":{"deployment-tool":"cli-firebase","deployment-callable":"true","firebase-functions-hash":"9566fe8253e2ad6bd37294c39d47fe8f21faa27d"}}
[debug] [2025-02-27T22:39:49.206Z] <<< [apiv2][status] PATCH https://cloudfunctions.googleapis.com/v2/projects/helphive-a462e/locations/us-central1/functions/sendEmail 200
[debug] [2025-02-27T22:39:49.206Z] <<< [apiv2][body] PATCH https://cloudfunctions.googleapis.com/v2/projects/helphive-a462e/locations/us-central1/functions/sendEmail {"name":"projects/helphive-a462e/locations/us-central1/operations/operation-1740695988317-62f275e0bac9c-0dfb09dd-d6736bd0","metadata":{"@type":"type.googleapis.com/google.cloud.functions.v2.OperationMetadata","createTime":"2025-02-27T22:39:49.170581813Z","target":"projects/helphive-a462e/locations/us-central1/functions/sendEmail","verb":"update","cancelRequested":false,"apiVersion":"v2"},"done":false}
[debug] [2025-02-27T22:39:49.207Z] Checked if tokens are valid: true, expires at: 1740698954294
[debug] [2025-02-27T22:39:49.207Z] Checked if tokens are valid: true, expires at: 1740698954294
[debug] [2025-02-27T22:39:49.207Z] >>> [apiv2][query] GET https://cloudfunctions.googleapis.com/v2/projects/helphive-a462e/locations/us-central1/operations/operation-1740695988317-62f275e0bac9c-0dfb09dd-d6736bd0 [none]
[debug] [2025-02-27T22:39:49.301Z] <<< [apiv2][status] GET https://cloudfunctions.googleapis.com/v2/projects/helphive-a462e/locations/us-central1/operations/operation-1740695988317-62f275e0bac9c-0dfb09dd-d6736bd0 200
[debug] [2025-02-27T22:39:49.301Z] <<< [apiv2][body] GET https://cloudfunctions.googleapis.com/v2/projects/helphive-a462e/locations/us-central1/operations/operation-1740695988317-62f275e0bac9c-0dfb09dd-d6736bd0 {"name":"projects/helphive-a462e/locations/us-central1/operations/operation-1740695988317-62f275e0bac9c-0dfb09dd-d6736bd0","metadata":{"@type":"type.googleapis.com/google.cloud.functions.v2.OperationMetadata","createTime":"2025-02-27T22:39:49.170581813Z","target":"projects/helphive-a462e/locations/us-central1/functions/sendEmail","verb":"update","cancelRequested":false,"apiVersion":"v2"},"done":false}
[debug] [2025-02-27T22:39:49.802Z] [update-default-us-central1-sendEmail] Retrying task index 0
[debug] [2025-02-27T22:39:49.803Z] Checked if tokens are valid: true, expires at: 1740698954294
[debug] [2025-02-27T22:39:49.803Z] Checked if tokens are valid: true, expires at: 1740698954294
[debug] [2025-02-27T22:39:49.803Z] >>> [apiv2][query] GET https://cloudfunctions.googleapis.com/v2/projects/helphive-a462e/locations/us-central1/operations/operation-1740695988317-62f275e0bac9c-0dfb09dd-d6736bd0 [none]
[debug] [2025-02-27T22:39:50.093Z] <<< [apiv2][status] GET https://cloudfunctions.googleapis.com/v2/projects/helphive-a462e/locations/us-central1/operations/operation-1740695988317-62f275e0bac9c-0dfb09dd-d6736bd0 200
[debug] [2025-02-27T22:39:50.093Z] <<< [apiv2][body] GET https://cloudfunctions.googleapis.com/v2/projects/helphive-a462e/locations/us-central1/operations/operation-1740695988317-62f275e0bac9c-0dfb09dd-d6736bd0 {"name":"projects/helphive-a462e/locations/us-central1/operations/operation-1740695988317-62f275e0bac9c-0dfb09dd-d6736bd0","metadata":{"@type":"type.googleapis.com/google.cloud.functions.v2.OperationMetadata","createTime":"2025-02-27T22:39:49.170581813Z","target":"projects/helphive-a462e/locations/us-central1/functions/sendEmail","verb":"update","cancelRequested":false,"apiVersion":"v2","requestResource":{"@type":"type.googleapis.com/google.cloud.functions.v2.Function","name":"projects/helphive-a462e/locations/us-central1/functions/sendEmail","buildConfig":{"runtime":"nodejs22","entryPoint":"sendEmail","source":{"storageSource":{"bucket":"gcf-v2-sources-677989373634-us-central1","object":"sendEmail/function-source.zip","generation":"1740695989121877"}},"environmentVariables":{"GOOGLE_NODE_RUN_SCRIPTS":""},"dockerRepository":"projects/helphive-a462e/locations/us-central1/repositories/gcf-artifacts","sourceProvenance":{"resolvedStorageSource":{"bucket":"gcf-v2-sources-677989373634-us-central1","object":"sendEmail/function-source.zip","generation":"1740695674104329"}},"dockerRegistry":"ARTIFACT_REGISTRY","serviceAccount":"projects/helphive-a462e/serviceAccounts/677989373634-compute@developer.gserviceaccount.com","automaticUpdatePolicy":{}},"serviceConfig":{"service":"projects/helphive-a462e/locations/us-central1/services/sendemail","timeoutSeconds":60,"environmentVariables":{"FIREBASE_CONFIG":"{\"projectId\":\"helphive-a462e\",\"storageBucket\":\"helphive-a462e.firebasestorage.app\"}","GCLOUD_PROJECT":"helphive-a462e","EVENTARC_CLOUD_EVENT_SOURCE":"projects/helphive-a462e/locations/us-central1/services/sendEmail","FUNCTION_TARGET":"sendEmail","LOG_EXECUTION_ID":"true"},"ingressSettings":"ALLOW_ALL","serviceAccountEmail":"677989373634-compute@developer.gserviceaccount.com","availableMemory":"256Mi","maxInstanceRequestConcurrency":80,"availableCpu":"1"},"state":"FAILED","labels":{"deployment-callable":"true","firebase-functions-hash":"9566fe8253e2ad6bd37294c39d47fe8f21faa27d"},"stateMessages":[{"severity":"ERROR","type":"CloudRunServiceNotFound","message":"Cloud Run service projects/helphive-a462e/locations/us-central1/services/sendemail for the function was not found. The function will not work correctly. Please redeploy."}],"environment":"GEN_2","url":"https://us-central1-helphive-a462e.cloudfunctions.net/sendEmail","satisfiesPzi":true},"stages":[{"name":"BUILD","message":"Creating build","state":"IN_PROGRESS","resource":"projects/677989373634/locations/us-central1/builds/192fdc12-0c58-4ce1-a808-0b66df6dc333","resourceUri":"https://console.cloud.google.com/cloud-build/builds;region=us-central1/192fdc12-0c58-4ce1-a808-0b66df6dc333?project=677989373634"},{"name":"SERVICE","state":"NOT_STARTED"}],"operationType":"UPDATE_FUNCTION","buildName":"projects/677989373634/locations/us-central1/builds/192fdc12-0c58-4ce1-a808-0b66df6dc333"},"done":false}
[debug] [2025-02-27T22:39:51.094Z] [update-default-us-central1-sendEmail] Retrying task index 0
[debug] [2025-02-27T22:39:51.095Z] Checked if tokens are valid: true, expires at: 1740698954294
[debug] [2025-02-27T22:39:51.095Z] Checked if tokens are valid: true, expires at: 1740698954294
[debug] [2025-02-27T22:39:51.095Z] >>> [apiv2][query] GET https://cloudfunctions.googleapis.com/v2/projects/helphive-a462e/locations/us-central1/operations/operation-1740695988317-62f275e0bac9c-0dfb09dd-d6736bd0 [none]
[debug] [2025-02-27T22:39:51.391Z] <<< [apiv2][status] GET https://cloudfunctions.googleapis.com/v2/projects/helphive-a462e/locations/us-central1/operations/operation-1740695988317-62f275e0bac9c-0dfb09dd-d6736bd0 200
[debug] [2025-02-27T22:39:51.391Z] <<< [apiv2][body] GET https://cloudfunctions.googleapis.com/v2/projects/helphive-a462e/locations/us-central1/operations/operation-1740695988317-62f275e0bac9c-0dfb09dd-d6736bd0 {"name":"projects/helphive-a462e/locations/us-central1/operations/operation-1740695988317-62f275e0bac9c-0dfb09dd-d6736bd0","metadata":{"@type":"type.googleapis.com/google.cloud.functions.v2.OperationMetadata","createTime":"2025-02-27T22:39:49.170581813Z","target":"projects/helphive-a462e/locations/us-central1/functions/sendEmail","verb":"update","cancelRequested":false,"apiVersion":"v2","requestResource":{"@type":"type.googleapis.com/google.cloud.functions.v2.Function","name":"projects/helphive-a462e/locations/us-central1/functions/sendEmail","buildConfig":{"runtime":"nodejs22","entryPoint":"sendEmail","source":{"storageSource":{"bucket":"gcf-v2-sources-677989373634-us-central1","object":"sendEmail/function-source.zip","generation":"1740695989121877"}},"environmentVariables":{"GOOGLE_NODE_RUN_SCRIPTS":""},"dockerRepository":"projects/helphive-a462e/locations/us-central1/repositories/gcf-artifacts","sourceProvenance":{"resolvedStorageSource":{"bucket":"gcf-v2-sources-677989373634-us-central1","object":"sendEmail/function-source.zip","generation":"1740695674104329"}},"dockerRegistry":"ARTIFACT_REGISTRY","serviceAccount":"projects/helphive-a462e/serviceAccounts/677989373634-compute@developer.gserviceaccount.com","automaticUpdatePolicy":{}},"serviceConfig":{"service":"projects/helphive-a462e/locations/us-central1/services/sendemail","timeoutSeconds":60,"environmentVariables":{"FIREBASE_CONFIG":"{\"projectId\":\"helphive-a462e\",\"storageBucket\":\"helphive-a462e.firebasestorage.app\"}","GCLOUD_PROJECT":"helphive-a462e","EVENTARC_CLOUD_EVENT_SOURCE":"projects/helphive-a462e/locations/us-central1/services/sendEmail","FUNCTION_TARGET":"sendEmail","LOG_EXECUTION_ID":"true"},"ingressSettings":"ALLOW_ALL","serviceAccountEmail":"677989373634-compute@developer.gserviceaccount.com","availableMemory":"256Mi","maxInstanceRequestConcurrency":80,"availableCpu":"1"},"state":"FAILED","labels":{"deployment-callable":"true","firebase-functions-hash":"9566fe8253e2ad6bd37294c39d47fe8f21faa27d"},"stateMessages":[{"severity":"ERROR","type":"CloudRunServiceNotFound","message":"Cloud Run service projects/helphive-a462e/locations/us-central1/services/sendemail for the function was not found. The function will not work correctly. Please redeploy."}],"environment":"GEN_2","url":"https://us-central1-helphive-a462e.cloudfunctions.net/sendEmail","satisfiesPzi":true},"stages":[{"name":"BUILD","message":"Build in progress","state":"IN_PROGRESS","resource":"projects/677989373634/locations/us-central1/builds/192fdc12-0c58-4ce1-a808-0b66df6dc333","resourceUri":"https://console.cloud.google.com/cloud-build/builds;region=us-central1/192fdc12-0c58-4ce1-a808-0b66df6dc333?project=677989373634"},{"name":"SERVICE","state":"NOT_STARTED"}],"operationType":"UPDATE_FUNCTION","buildName":"projects/677989373634/locations/us-central1/builds/192fdc12-0c58-4ce1-a808-0b66df6dc333"},"done":false}
[debug] [2025-02-27T22:39:53.391Z] [update-default-us-central1-sendEmail] Retrying task index 0
[debug] [2025-02-27T22:39:53.391Z] Checked if tokens are valid: true, expires at: 1740698954294
[debug] [2025-02-27T22:39:53.391Z] Checked if tokens are valid: true, expires at: 1740698954294
[debug] [2025-02-27T22:39:53.391Z] >>> [apiv2][query] GET https://cloudfunctions.googleapis.com/v2/projects/helphive-a462e/locations/us-central1/operations/operation-1740695988317-62f275e0bac9c-0dfb09dd-d6736bd0 [none]
[debug] [2025-02-27T22:39:53.681Z] <<< [apiv2][status] GET https://cloudfunctions.googleapis.com/v2/projects/helphive-a462e/locations/us-central1/operations/operation-1740695988317-62f275e0bac9c-0dfb09dd-d6736bd0 200
[debug] [2025-02-27T22:39:53.681Z] <<< [apiv2][body] GET https://cloudfunctions.googleapis.com/v2/projects/helphive-a462e/locations/us-central1/operations/operation-1740695988317-62f275e0bac9c-0dfb09dd-d6736bd0 {"name":"projects/helphive-a462e/locations/us-central1/operations/operation-1740695988317-62f275e0bac9c-0dfb09dd-d6736bd0","metadata":{"@type":"type.googleapis.com/google.cloud.functions.v2.OperationMetadata","createTime":"2025-02-27T22:39:49.170581813Z","target":"projects/helphive-a462e/locations/us-central1/functions/sendEmail","verb":"update","cancelRequested":false,"apiVersion":"v2","requestResource":{"@type":"type.googleapis.com/google.cloud.functions.v2.Function","name":"projects/helphive-a462e/locations/us-central1/functions/sendEmail","buildConfig":{"runtime":"nodejs22","entryPoint":"sendEmail","source":{"storageSource":{"bucket":"gcf-v2-sources-677989373634-us-central1","object":"sendEmail/function-source.zip","generation":"1740695989121877"}},"environmentVariables":{"GOOGLE_NODE_RUN_SCRIPTS":""},"dockerRepository":"projects/helphive-a462e/locations/us-central1/repositories/gcf-artifacts","sourceProvenance":{"resolvedStorageSource":{"bucket":"gcf-v2-sources-677989373634-us-central1","object":"sendEmail/function-source.zip","generation":"1740695674104329"}},"dockerRegistry":"ARTIFACT_REGISTRY","serviceAccount":"projects/helphive-a462e/serviceAccounts/677989373634-compute@developer.gserviceaccount.com","automaticUpdatePolicy":{}},"serviceConfig":{"service":"projects/helphive-a462e/locations/us-central1/services/sendemail","timeoutSeconds":60,"environmentVariables":{"FIREBASE_CONFIG":"{\"projectId\":\"helphive-a462e\",\"storageBucket\":\"helphive-a462e.firebasestorage.app\"}","GCLOUD_PROJECT":"helphive-a462e","EVENTARC_CLOUD_EVENT_SOURCE":"projects/helphive-a462e/locations/us-central1/services/sendEmail","FUNCTION_TARGET":"sendEmail","LOG_EXECUTION_ID":"true"},"ingressSettings":"ALLOW_ALL","serviceAccountEmail":"677989373634-compute@developer.gserviceaccount.com","availableMemory":"256Mi","maxInstanceRequestConcurrency":80,"availableCpu":"1"},"state":"FAILED","labels":{"deployment-callable":"true","firebase-functions-hash":"9566fe8253e2ad6bd37294c39d47fe8f21faa27d"},"stateMessages":[{"severity":"ERROR","type":"CloudRunServiceNotFound","message":"Cloud Run service projects/helphive-a462e/locations/us-central1/services/sendemail for the function was not found. The function will not work correctly. Please redeploy."}],"environment":"GEN_2","url":"https://us-central1-helphive-a462e.cloudfunctions.net/sendEmail","satisfiesPzi":true},"stages":[{"name":"BUILD","message":"Build in progress","state":"IN_PROGRESS","resource":"projects/677989373634/locations/us-central1/builds/192fdc12-0c58-4ce1-a808-0b66df6dc333","resourceUri":"https://console.cloud.google.com/cloud-build/builds;region=us-central1/192fdc12-0c58-4ce1-a808-0b66df6dc333?project=677989373634"},{"name":"SERVICE","state":"NOT_STARTED"}],"operationType":"UPDATE_FUNCTION","buildName":"projects/677989373634/locations/us-central1/builds/192fdc12-0c58-4ce1-a808-0b66df6dc333"},"done":false}
[debug] [2025-02-27T22:39:57.683Z] [update-default-us-central1-sendEmail] Retrying task index 0
[debug] [2025-02-27T22:39:57.683Z] Checked if tokens are valid: true, expires at: 1740698954294
[debug] [2025-02-27T22:39:57.683Z] Checked if tokens are valid: true, expires at: 1740698954294
[debug] [2025-02-27T22:39:57.683Z] >>> [apiv2][query] GET https://cloudfunctions.googleapis.com/v2/projects/helphive-a462e/locations/us-central1/operations/operation-1740695988317-62f275e0bac9c-0dfb09dd-d6736bd0 [none]
[debug] [2025-02-27T22:39:57.989Z] <<< [apiv2][status] GET https://cloudfunctions.googleapis.com/v2/projects/helphive-a462e/locations/us-central1/operations/operation-1740695988317-62f275e0bac9c-0dfb09dd-d6736bd0 200
[debug] [2025-02-27T22:39:57.989Z] <<< [apiv2][body] GET https://cloudfunctions.googleapis.com/v2/projects/helphive-a462e/locations/us-central1/operations/operation-1740695988317-62f275e0bac9c-0dfb09dd-d6736bd0 {"name":"projects/helphive-a462e/locations/us-central1/operations/operation-1740695988317-62f275e0bac9c-0dfb09dd-d6736bd0","metadata":{"@type":"type.googleapis.com/google.cloud.functions.v2.OperationMetadata","createTime":"2025-02-27T22:39:49.170581813Z","target":"projects/helphive-a462e/locations/us-central1/functions/sendEmail","verb":"update","cancelRequested":false,"apiVersion":"v2","requestResource":{"@type":"type.googleapis.com/google.cloud.functions.v2.Function","name":"projects/helphive-a462e/locations/us-central1/functions/sendEmail","buildConfig":{"runtime":"nodejs22","entryPoint":"sendEmail","source":{"storageSource":{"bucket":"gcf-v2-sources-677989373634-us-central1","object":"sendEmail/function-source.zip","generation":"1740695989121877"}},"environmentVariables":{"GOOGLE_NODE_RUN_SCRIPTS":""},"dockerRepository":"projects/helphive-a462e/locations/us-central1/repositories/gcf-artifacts","sourceProvenance":{"resolvedStorageSource":{"bucket":"gcf-v2-sources-677989373634-us-central1","object":"sendEmail/function-source.zip","generation":"1740695674104329"}},"dockerRegistry":"ARTIFACT_REGISTRY","serviceAccount":"projects/helphive-a462e/serviceAccounts/677989373634-compute@developer.gserviceaccount.com","automaticUpdatePolicy":{}},"serviceConfig":{"service":"projects/helphive-a462e/locations/us-central1/services/sendemail","timeoutSeconds":60,"environmentVariables":{"FIREBASE_CONFIG":"{\"projectId\":\"helphive-a462e\",\"storageBucket\":\"helphive-a462e.firebasestorage.app\"}","GCLOUD_PROJECT":"helphive-a462e","EVENTARC_CLOUD_EVENT_SOURCE":"projects/helphive-a462e/locations/us-central1/services/sendEmail","FUNCTION_TARGET":"sendEmail","LOG_EXECUTION_ID":"true"},"ingressSettings":"ALLOW_ALL","serviceAccountEmail":"677989373634-compute@developer.gserviceaccount.com","availableMemory":"256Mi","maxInstanceRequestConcurrency":80,"availableCpu":"1"},"state":"FAILED","labels":{"deployment-callable":"true","firebase-functions-hash":"9566fe8253e2ad6bd37294c39d47fe8f21faa27d"},"stateMessages":[{"severity":"ERROR","type":"CloudRunServiceNotFound","message":"Cloud Run service projects/helphive-a462e/locations/us-central1/services/sendemail for the function was not found. The function will not work correctly. Please redeploy."}],"environment":"GEN_2","url":"https://us-central1-helphive-a462e.cloudfunctions.net/sendEmail","satisfiesPzi":true},"stages":[{"name":"BUILD","message":"Build in progress","state":"IN_PROGRESS","resource":"projects/677989373634/locations/us-central1/builds/192fdc12-0c58-4ce1-a808-0b66df6dc333","resourceUri":"https://console.cloud.google.com/cloud-build/builds;region=us-central1/192fdc12-0c58-4ce1-a808-0b66df6dc333?project=677989373634"},{"name":"SERVICE","state":"NOT_STARTED"}],"operationType":"UPDATE_FUNCTION","buildName":"projects/677989373634/locations/us-central1/builds/192fdc12-0c58-4ce1-a808-0b66df6dc333"},"done":false}
[debug] [2025-02-27T22:40:05.992Z] [update-default-us-central1-sendEmail] Retrying task index 0
[debug] [2025-02-27T22:40:05.992Z] Checked if tokens are valid: true, expires at: 1740698954294
[debug] [2025-02-27T22:40:05.992Z] Checked if tokens are valid: true, expires at: 1740698954294
[debug] [2025-02-27T22:40:05.993Z] >>> [apiv2][query] GET https://cloudfunctions.googleapis.com/v2/projects/helphive-a462e/locations/us-central1/operations/operation-1740695988317-62f275e0bac9c-0dfb09dd-d6736bd0 [none]
[debug] [2025-02-27T22:40:06.303Z] <<< [apiv2][status] GET https://cloudfunctions.googleapis.com/v2/projects/helphive-a462e/locations/us-central1/operations/operation-1740695988317-62f275e0bac9c-0dfb09dd-d6736bd0 200
[debug] [2025-02-27T22:40:06.303Z] <<< [apiv2][body] GET https://cloudfunctions.googleapis.com/v2/projects/helphive-a462e/locations/us-central1/operations/operation-1740695988317-62f275e0bac9c-0dfb09dd-d6736bd0 {"name":"projects/helphive-a462e/locations/us-central1/operations/operation-1740695988317-62f275e0bac9c-0dfb09dd-d6736bd0","metadata":{"@type":"type.googleapis.com/google.cloud.functions.v2.OperationMetadata","createTime":"2025-02-27T22:39:49.170581813Z","target":"projects/helphive-a462e/locations/us-central1/functions/sendEmail","verb":"update","cancelRequested":false,"apiVersion":"v2","requestResource":{"@type":"type.googleapis.com/google.cloud.functions.v2.Function","name":"projects/helphive-a462e/locations/us-central1/functions/sendEmail","buildConfig":{"runtime":"nodejs22","entryPoint":"sendEmail","source":{"storageSource":{"bucket":"gcf-v2-sources-677989373634-us-central1","object":"sendEmail/function-source.zip","generation":"1740695989121877"}},"environmentVariables":{"GOOGLE_NODE_RUN_SCRIPTS":""},"dockerRepository":"projects/helphive-a462e/locations/us-central1/repositories/gcf-artifacts","sourceProvenance":{"resolvedStorageSource":{"bucket":"gcf-v2-sources-677989373634-us-central1","object":"sendEmail/function-source.zip","generation":"1740695674104329"}},"dockerRegistry":"ARTIFACT_REGISTRY","serviceAccount":"projects/helphive-a462e/serviceAccounts/677989373634-compute@developer.gserviceaccount.com","automaticUpdatePolicy":{}},"serviceConfig":{"service":"projects/helphive-a462e/locations/us-central1/services/sendemail","timeoutSeconds":60,"environmentVariables":{"FIREBASE_CONFIG":"{\"projectId\":\"helphive-a462e\",\"storageBucket\":\"helphive-a462e.firebasestorage.app\"}","GCLOUD_PROJECT":"helphive-a462e","EVENTARC_CLOUD_EVENT_SOURCE":"projects/helphive-a462e/locations/us-central1/services/sendEmail","FUNCTION_TARGET":"sendEmail","LOG_EXECUTION_ID":"true"},"ingressSettings":"ALLOW_ALL","serviceAccountEmail":"677989373634-compute@developer.gserviceaccount.com","availableMemory":"256Mi","maxInstanceRequestConcurrency":80,"availableCpu":"1"},"state":"FAILED","labels":{"deployment-callable":"true","firebase-functions-hash":"9566fe8253e2ad6bd37294c39d47fe8f21faa27d"},"stateMessages":[{"severity":"ERROR","type":"CloudRunServiceNotFound","message":"Cloud Run service projects/helphive-a462e/locations/us-central1/services/sendemail for the function was not found. The function will not work correctly. Please redeploy."}],"environment":"GEN_2","url":"https://us-central1-helphive-a462e.cloudfunctions.net/sendEmail","satisfiesPzi":true},"stages":[{"name":"BUILD","message":"Build in progress","state":"IN_PROGRESS","resource":"projects/677989373634/locations/us-central1/builds/192fdc12-0c58-4ce1-a808-0b66df6dc333","resourceUri":"https://console.cloud.google.com/cloud-build/builds;region=us-central1/192fdc12-0c58-4ce1-a808-0b66df6dc333?project=677989373634"},{"name":"SERVICE","state":"NOT_STARTED"}],"operationType":"UPDATE_FUNCTION","buildName":"projects/677989373634/locations/us-central1/builds/192fdc12-0c58-4ce1-a808-0b66df6dc333"},"done":false}
[debug] [2025-02-27T22:40:16.306Z] [update-default-us-central1-sendEmail] Retrying task index 0
[debug] [2025-02-27T22:40:16.307Z] Checked if tokens are valid: true, expires at: 1740698954294
[debug] [2025-02-27T22:40:16.307Z] Checked if tokens are valid: true, expires at: 1740698954294
[debug] [2025-02-27T22:40:16.307Z] >>> [apiv2][query] GET https://cloudfunctions.googleapis.com/v2/projects/helphive-a462e/locations/us-central1/operations/operation-1740695988317-62f275e0bac9c-0dfb09dd-d6736bd0 [none]
[debug] [2025-02-27T22:40:16.636Z] <<< [apiv2][status] GET https://cloudfunctions.googleapis.com/v2/projects/helphive-a462e/locations/us-central1/operations/operation-1740695988317-62f275e0bac9c-0dfb09dd-d6736bd0 200
[debug] [2025-02-27T22:40:16.636Z] <<< [apiv2][body] GET https://cloudfunctions.googleapis.com/v2/projects/helphive-a462e/locations/us-central1/operations/operation-1740695988317-62f275e0bac9c-0dfb09dd-d6736bd0 {"name":"projects/helphive-a462e/locations/us-central1/operations/operation-1740695988317-62f275e0bac9c-0dfb09dd-d6736bd0","metadata":{"@type":"type.googleapis.com/google.cloud.functions.v2.OperationMetadata","createTime":"2025-02-27T22:39:49.170581813Z","target":"projects/helphive-a462e/locations/us-central1/functions/sendEmail","verb":"update","cancelRequested":false,"apiVersion":"v2","requestResource":{"@type":"type.googleapis.com/google.cloud.functions.v2.Function","name":"projects/helphive-a462e/locations/us-central1/functions/sendEmail","buildConfig":{"runtime":"nodejs22","entryPoint":"sendEmail","source":{"storageSource":{"bucket":"gcf-v2-sources-677989373634-us-central1","object":"sendEmail/function-source.zip","generation":"1740695989121877"}},"environmentVariables":{"GOOGLE_NODE_RUN_SCRIPTS":""},"dockerRepository":"projects/helphive-a462e/locations/us-central1/repositories/gcf-artifacts","sourceProvenance":{"resolvedStorageSource":{"bucket":"gcf-v2-sources-677989373634-us-central1","object":"sendEmail/function-source.zip","generation":"1740695674104329"}},"dockerRegistry":"ARTIFACT_REGISTRY","serviceAccount":"projects/helphive-a462e/serviceAccounts/677989373634-compute@developer.gserviceaccount.com","automaticUpdatePolicy":{}},"serviceConfig":{"service":"projects/helphive-a462e/locations/us-central1/services/sendemail","timeoutSeconds":60,"environmentVariables":{"FIREBASE_CONFIG":"{\"projectId\":\"helphive-a462e\",\"storageBucket\":\"helphive-a462e.firebasestorage.app\"}","GCLOUD_PROJECT":"helphive-a462e","EVENTARC_CLOUD_EVENT_SOURCE":"projects/helphive-a462e/locations/us-central1/services/sendEmail","FUNCTION_TARGET":"sendEmail","LOG_EXECUTION_ID":"true"},"ingressSettings":"ALLOW_ALL","serviceAccountEmail":"677989373634-compute@developer.gserviceaccount.com","availableMemory":"256Mi","maxInstanceRequestConcurrency":80,"availableCpu":"1"},"state":"FAILED","labels":{"deployment-callable":"true","firebase-functions-hash":"9566fe8253e2ad6bd37294c39d47fe8f21faa27d"},"stateMessages":[{"severity":"ERROR","type":"CloudRunServiceNotFound","message":"Cloud Run service projects/helphive-a462e/locations/us-central1/services/sendemail for the function was not found. The function will not work correctly. Please redeploy."}],"environment":"GEN_2","url":"https://us-central1-helphive-a462e.cloudfunctions.net/sendEmail","satisfiesPzi":true},"stages":[{"name":"BUILD","message":"Build in progress","state":"IN_PROGRESS","resource":"projects/677989373634/locations/us-central1/builds/192fdc12-0c58-4ce1-a808-0b66df6dc333","resourceUri":"https://console.cloud.google.com/cloud-build/builds;region=us-central1/192fdc12-0c58-4ce1-a808-0b66df6dc333?project=677989373634"},{"name":"SERVICE","state":"NOT_STARTED"}],"operationType":"UPDATE_FUNCTION","buildName":"projects/677989373634/locations/us-central1/builds/192fdc12-0c58-4ce1-a808-0b66df6dc333"},"done":false}
[debug] [2025-02-27T22:40:26.638Z] [update-default-us-central1-sendEmail] Retrying task index 0
[debug] [2025-02-27T22:40:26.639Z] Checked if tokens are valid: true, expires at: 1740698954294
[debug] [2025-02-27T22:40:26.639Z] Checked if tokens are valid: true, expires at: 1740698954294
[debug] [2025-02-27T22:40:26.639Z] >>> [apiv2][query] GET https://cloudfunctions.googleapis.com/v2/projects/helphive-a462e/locations/us-central1/operations/operation-1740695988317-62f275e0bac9c-0dfb09dd-d6736bd0 [none]
[debug] [2025-02-27T22:40:26.974Z] <<< [apiv2][status] GET https://cloudfunctions.googleapis.com/v2/projects/helphive-a462e/locations/us-central1/operations/operation-1740695988317-62f275e0bac9c-0dfb09dd-d6736bd0 200
[debug] [2025-02-27T22:40:26.974Z] <<< [apiv2][body] GET https://cloudfunctions.googleapis.com/v2/projects/helphive-a462e/locations/us-central1/operations/operation-1740695988317-62f275e0bac9c-0dfb09dd-d6736bd0 {"name":"projects/helphive-a462e/locations/us-central1/operations/operation-1740695988317-62f275e0bac9c-0dfb09dd-d6736bd0","metadata":{"@type":"type.googleapis.com/google.cloud.functions.v2.OperationMetadata","createTime":"2025-02-27T22:39:49.170581813Z","target":"projects/helphive-a462e/locations/us-central1/functions/sendEmail","verb":"update","cancelRequested":false,"apiVersion":"v2","requestResource":{"@type":"type.googleapis.com/google.cloud.functions.v2.Function","name":"projects/helphive-a462e/locations/us-central1/functions/sendEmail","buildConfig":{"runtime":"nodejs22","entryPoint":"sendEmail","source":{"storageSource":{"bucket":"gcf-v2-sources-677989373634-us-central1","object":"sendEmail/function-source.zip","generation":"1740695989121877"}},"environmentVariables":{"GOOGLE_NODE_RUN_SCRIPTS":""},"dockerRepository":"projects/helphive-a462e/locations/us-central1/repositories/gcf-artifacts","sourceProvenance":{"resolvedStorageSource":{"bucket":"gcf-v2-sources-677989373634-us-central1","object":"sendEmail/function-source.zip","generation":"1740695674104329"}},"dockerRegistry":"ARTIFACT_REGISTRY","serviceAccount":"projects/helphive-a462e/serviceAccounts/677989373634-compute@developer.gserviceaccount.com","automaticUpdatePolicy":{}},"serviceConfig":{"service":"projects/helphive-a462e/locations/us-central1/services/sendemail","timeoutSeconds":60,"environmentVariables":{"FIREBASE_CONFIG":"{\"projectId\":\"helphive-a462e\",\"storageBucket\":\"helphive-a462e.firebasestorage.app\"}","GCLOUD_PROJECT":"helphive-a462e","EVENTARC_CLOUD_EVENT_SOURCE":"projects/helphive-a462e/locations/us-central1/services/sendEmail","FUNCTION_TARGET":"sendEmail","LOG_EXECUTION_ID":"true"},"ingressSettings":"ALLOW_ALL","serviceAccountEmail":"677989373634-compute@developer.gserviceaccount.com","availableMemory":"256Mi","maxInstanceRequestConcurrency":80,"availableCpu":"1"},"state":"FAILED","labels":{"deployment-callable":"true","firebase-functions-hash":"9566fe8253e2ad6bd37294c39d47fe8f21faa27d"},"stateMessages":[{"severity":"ERROR","type":"CloudRunServiceNotFound","message":"Cloud Run service projects/helphive-a462e/locations/us-central1/services/sendemail for the function was not found. The function will not work correctly. Please redeploy."}],"environment":"GEN_2","url":"https://us-central1-helphive-a462e.cloudfunctions.net/sendEmail","satisfiesPzi":true},"stages":[{"name":"BUILD","message":"Build in progress","state":"IN_PROGRESS","resource":"projects/677989373634/locations/us-central1/builds/192fdc12-0c58-4ce1-a808-0b66df6dc333","resourceUri":"https://console.cloud.google.com/cloud-build/builds;region=us-central1/192fdc12-0c58-4ce1-a808-0b66df6dc333?project=677989373634"},{"name":"SERVICE","state":"NOT_STARTED"}],"operationType":"UPDATE_FUNCTION","buildName":"projects/677989373634/locations/us-central1/builds/192fdc12-0c58-4ce1-a808-0b66df6dc333"},"done":false}
[debug] [2025-02-27T22:40:36.980Z] [update-default-us-central1-sendEmail] Retrying task index 0
[debug] [2025-02-27T22:40:36.980Z] Checked if tokens are valid: true, expires at: 1740698954294
[debug] [2025-02-27T22:40:36.981Z] Checked if tokens are valid: true, expires at: 1740698954294
[debug] [2025-02-27T22:40:36.981Z] >>> [apiv2][query] GET https://cloudfunctions.googleapis.com/v2/projects/helphive-a462e/locations/us-central1/operations/operation-1740695988317-62f275e0bac9c-0dfb09dd-d6736bd0 [none]
[debug] [2025-02-27T22:40:37.320Z] <<< [apiv2][status] GET https://cloudfunctions.googleapis.com/v2/projects/helphive-a462e/locations/us-central1/operations/operation-1740695988317-62f275e0bac9c-0dfb09dd-d6736bd0 200
[debug] [2025-02-27T22:40:37.320Z] <<< [apiv2][body] GET https://cloudfunctions.googleapis.com/v2/projects/helphive-a462e/locations/us-central1/operations/operation-1740695988317-62f275e0bac9c-0dfb09dd-d6736bd0 {"name":"projects/helphive-a462e/locations/us-central1/operations/operation-1740695988317-62f275e0bac9c-0dfb09dd-d6736bd0","metadata":{"@type":"type.googleapis.com/google.cloud.functions.v2.OperationMetadata","createTime":"2025-02-27T22:39:49.170581813Z","target":"projects/helphive-a462e/locations/us-central1/functions/sendEmail","verb":"update","cancelRequested":false,"apiVersion":"v2","requestResource":{"@type":"type.googleapis.com/google.cloud.functions.v2.Function","name":"projects/helphive-a462e/locations/us-central1/functions/sendEmail","buildConfig":{"runtime":"nodejs22","entryPoint":"sendEmail","source":{"storageSource":{"bucket":"gcf-v2-sources-677989373634-us-central1","object":"sendEmail/function-source.zip","generation":"1740695989121877"}},"environmentVariables":{"GOOGLE_NODE_RUN_SCRIPTS":""},"dockerRepository":"projects/helphive-a462e/locations/us-central1/repositories/gcf-artifacts","sourceProvenance":{"resolvedStorageSource":{"bucket":"gcf-v2-sources-677989373634-us-central1","object":"sendEmail/function-source.zip","generation":"1740695674104329"}},"dockerRegistry":"ARTIFACT_REGISTRY","serviceAccount":"projects/helphive-a462e/serviceAccounts/677989373634-compute@developer.gserviceaccount.com","automaticUpdatePolicy":{}},"serviceConfig":{"service":"projects/helphive-a462e/locations/us-central1/services/sendemail","timeoutSeconds":60,"environmentVariables":{"FIREBASE_CONFIG":"{\"projectId\":\"helphive-a462e\",\"storageBucket\":\"helphive-a462e.firebasestorage.app\"}","GCLOUD_PROJECT":"helphive-a462e","EVENTARC_CLOUD_EVENT_SOURCE":"projects/helphive-a462e/locations/us-central1/services/sendEmail","FUNCTION_TARGET":"sendEmail","LOG_EXECUTION_ID":"true"},"ingressSettings":"ALLOW_ALL","serviceAccountEmail":"677989373634-compute@developer.gserviceaccount.com","availableMemory":"256Mi","maxInstanceRequestConcurrency":80,"availableCpu":"1"},"state":"FAILED","labels":{"deployment-callable":"true","firebase-functions-hash":"9566fe8253e2ad6bd37294c39d47fe8f21faa27d"},"stateMessages":[{"severity":"ERROR","type":"CloudRunServiceNotFound","message":"Cloud Run service projects/helphive-a462e/locations/us-central1/services/sendemail for the function was not found. The function will not work correctly. Please redeploy."}],"environment":"GEN_2","url":"https://us-central1-helphive-a462e.cloudfunctions.net/sendEmail","satisfiesPzi":true},"stages":[{"name":"BUILD","message":"Build in progress","state":"IN_PROGRESS","resource":"projects/677989373634/locations/us-central1/builds/192fdc12-0c58-4ce1-a808-0b66df6dc333","resourceUri":"https://console.cloud.google.com/cloud-build/builds;region=us-central1/192fdc12-0c58-4ce1-a808-0b66df6dc333?project=677989373634"},{"name":"SERVICE","state":"NOT_STARTED"}],"operationType":"UPDATE_FUNCTION","buildName":"projects/677989373634/locations/us-central1/builds/192fdc12-0c58-4ce1-a808-0b66df6dc333"},"done":false}
[debug] [2025-02-27T22:40:47.326Z] [update-default-us-central1-sendEmail] Retrying task index 0
[debug] [2025-02-27T22:40:47.327Z] Checked if tokens are valid: true, expires at: 1740698954294
[debug] [2025-02-27T22:40:47.327Z] Checked if tokens are valid: true, expires at: 1740698954294
[debug] [2025-02-27T22:40:47.327Z] >>> [apiv2][query] GET https://cloudfunctions.googleapis.com/v2/projects/helphive-a462e/locations/us-central1/operations/operation-1740695988317-62f275e0bac9c-0dfb09dd-d6736bd0 [none]
[debug] [2025-02-27T22:40:47.633Z] <<< [apiv2][status] GET https://cloudfunctions.googleapis.com/v2/projects/helphive-a462e/locations/us-central1/operations/operation-1740695988317-62f275e0bac9c-0dfb09dd-d6736bd0 200
[debug] [2025-02-27T22:40:47.633Z] <<< [apiv2][body] GET https://cloudfunctions.googleapis.com/v2/projects/helphive-a462e/locations/us-central1/operations/operation-1740695988317-62f275e0bac9c-0dfb09dd-d6736bd0 {"name":"projects/helphive-a462e/locations/us-central1/operations/operation-1740695988317-62f275e0bac9c-0dfb09dd-d6736bd0","metadata":{"@type":"type.googleapis.com/google.cloud.functions.v2.OperationMetadata","createTime":"2025-02-27T22:39:49.170581813Z","target":"projects/helphive-a462e/locations/us-central1/functions/sendEmail","verb":"update","cancelRequested":false,"apiVersion":"v2","requestResource":{"@type":"type.googleapis.com/google.cloud.functions.v2.Function","name":"projects/helphive-a462e/locations/us-central1/functions/sendEmail","buildConfig":{"runtime":"nodejs22","entryPoint":"sendEmail","source":{"storageSource":{"bucket":"gcf-v2-sources-677989373634-us-central1","object":"sendEmail/function-source.zip","generation":"1740695989121877"}},"environmentVariables":{"GOOGLE_NODE_RUN_SCRIPTS":""},"dockerRepository":"projects/helphive-a462e/locations/us-central1/repositories/gcf-artifacts","sourceProvenance":{"resolvedStorageSource":{"bucket":"gcf-v2-sources-677989373634-us-central1","object":"sendEmail/function-source.zip","generation":"1740695674104329"}},"dockerRegistry":"ARTIFACT_REGISTRY","serviceAccount":"projects/helphive-a462e/serviceAccounts/677989373634-compute@developer.gserviceaccount.com","automaticUpdatePolicy":{}},"serviceConfig":{"service":"projects/helphive-a462e/locations/us-central1/services/sendemail","timeoutSeconds":60,"environmentVariables":{"FIREBASE_CONFIG":"{\"projectId\":\"helphive-a462e\",\"storageBucket\":\"helphive-a462e.firebasestorage.app\"}","GCLOUD_PROJECT":"helphive-a462e","EVENTARC_CLOUD_EVENT_SOURCE":"projects/helphive-a462e/locations/us-central1/services/sendEmail","FUNCTION_TARGET":"sendEmail","LOG_EXECUTION_ID":"true"},"ingressSettings":"ALLOW_ALL","serviceAccountEmail":"677989373634-compute@developer.gserviceaccount.com","availableMemory":"256Mi","maxInstanceRequestConcurrency":80,"availableCpu":"1"},"state":"FAILED","labels":{"deployment-callable":"true","firebase-functions-hash":"9566fe8253e2ad6bd37294c39d47fe8f21faa27d"},"stateMessages":[{"severity":"ERROR","type":"CloudRunServiceNotFound","message":"Cloud Run service projects/helphive-a462e/locations/us-central1/services/sendemail for the function was not found. The function will not work correctly. Please redeploy."}],"environment":"GEN_2","url":"https://us-central1-helphive-a462e.cloudfunctions.net/sendEmail","satisfiesPzi":true},"stages":[{"name":"BUILD","message":"Build in progress","state":"IN_PROGRESS","resource":"projects/677989373634/locations/us-central1/builds/192fdc12-0c58-4ce1-a808-0b66df6dc333","resourceUri":"https://console.cloud.google.com/cloud-build/builds;region=us-central1/192fdc12-0c58-4ce1-a808-0b66df6dc333?project=677989373634"},{"name":"SERVICE","state":"NOT_STARTED"}],"operationType":"UPDATE_FUNCTION","buildName":"projects/677989373634/locations/us-central1/builds/192fdc12-0c58-4ce1-a808-0b66df6dc333"},"done":false}
[debug] [2025-02-27T22:40:57.636Z] [update-default-us-central1-sendEmail] Retrying task index 0
[debug] [2025-02-27T22:40:57.636Z] Checked if tokens are valid: true, expires at: 1740698954294
[debug] [2025-02-27T22:40:57.636Z] Checked if tokens are valid: true, expires at: 1740698954294
[debug] [2025-02-27T22:40:57.636Z] >>> [apiv2][query] GET https://cloudfunctions.googleapis.com/v2/projects/helphive-a462e/locations/us-central1/operations/operation-1740695988317-62f275e0bac9c-0dfb09dd-d6736bd0 [none]
[debug] [2025-02-27T22:40:57.968Z] <<< [apiv2][status] GET https://cloudfunctions.googleapis.com/v2/projects/helphive-a462e/locations/us-central1/operations/operation-1740695988317-62f275e0bac9c-0dfb09dd-d6736bd0 200
[debug] [2025-02-27T22:40:57.968Z] <<< [apiv2][body] GET https://cloudfunctions.googleapis.com/v2/projects/helphive-a462e/locations/us-central1/operations/operation-1740695988317-62f275e0bac9c-0dfb09dd-d6736bd0 {"name":"projects/helphive-a462e/locations/us-central1/operations/operation-1740695988317-62f275e0bac9c-0dfb09dd-d6736bd0","metadata":{"@type":"type.googleapis.com/google.cloud.functions.v2.OperationMetadata","createTime":"2025-02-27T22:39:49.170581813Z","target":"projects/helphive-a462e/locations/us-central1/functions/sendEmail","verb":"update","cancelRequested":false,"apiVersion":"v2","requestResource":{"@type":"type.googleapis.com/google.cloud.functions.v2.Function","name":"projects/helphive-a462e/locations/us-central1/functions/sendEmail","buildConfig":{"runtime":"nodejs22","entryPoint":"sendEmail","source":{"storageSource":{"bucket":"gcf-v2-sources-677989373634-us-central1","object":"sendEmail/function-source.zip","generation":"1740695989121877"}},"environmentVariables":{"GOOGLE_NODE_RUN_SCRIPTS":""},"dockerRepository":"projects/helphive-a462e/locations/us-central1/repositories/gcf-artifacts","sourceProvenance":{"resolvedStorageSource":{"bucket":"gcf-v2-sources-677989373634-us-central1","object":"sendEmail/function-source.zip","generation":"1740695674104329"}},"dockerRegistry":"ARTIFACT_REGISTRY","serviceAccount":"projects/helphive-a462e/serviceAccounts/677989373634-compute@developer.gserviceaccount.com","automaticUpdatePolicy":{}},"serviceConfig":{"service":"projects/helphive-a462e/locations/us-central1/services/sendemail","timeoutSeconds":60,"environmentVariables":{"FIREBASE_CONFIG":"{\"projectId\":\"helphive-a462e\",\"storageBucket\":\"helphive-a462e.firebasestorage.app\"}","GCLOUD_PROJECT":"helphive-a462e","EVENTARC_CLOUD_EVENT_SOURCE":"projects/helphive-a462e/locations/us-central1/services/sendEmail","FUNCTION_TARGET":"sendEmail","LOG_EXECUTION_ID":"true"},"ingressSettings":"ALLOW_ALL","serviceAccountEmail":"677989373634-compute@developer.gserviceaccount.com","availableMemory":"256Mi","maxInstanceRequestConcurrency":80,"availableCpu":"1"},"state":"FAILED","labels":{"deployment-callable":"true","firebase-functions-hash":"9566fe8253e2ad6bd37294c39d47fe8f21faa27d"},"stateMessages":[{"severity":"ERROR","type":"CloudRunServiceNotFound","message":"Cloud Run service projects/helphive-a462e/locations/us-central1/services/sendemail for the function was not found. The function will not work correctly. Please redeploy."}],"environment":"GEN_2","url":"https://us-central1-helphive-a462e.cloudfunctions.net/sendEmail","satisfiesPzi":true},"stages":[{"name":"BUILD","message":"Build in progress","state":"IN_PROGRESS","resource":"projects/677989373634/locations/us-central1/builds/192fdc12-0c58-4ce1-a808-0b66df6dc333","resourceUri":"https://console.cloud.google.com/cloud-build/builds;region=us-central1/192fdc12-0c58-4ce1-a808-0b66df6dc333?project=677989373634"},{"name":"SERVICE","state":"NOT_STARTED"}],"operationType":"UPDATE_FUNCTION","buildName":"projects/677989373634/locations/us-central1/builds/192fdc12-0c58-4ce1-a808-0b66df6dc333"},"done":false}
[debug] [2025-02-27T22:41:07.970Z] [update-default-us-central1-sendEmail] Retrying task index 0
[debug] [2025-02-27T22:41:07.971Z] Checked if tokens are valid: true, expires at: 1740698954294
[debug] [2025-02-27T22:41:07.971Z] Checked if tokens are valid: true, expires at: 1740698954294
[debug] [2025-02-27T22:41:07.971Z] >>> [apiv2][query] GET https://cloudfunctions.googleapis.com/v2/projects/helphive-a462e/locations/us-central1/operations/operation-1740695988317-62f275e0bac9c-0dfb09dd-d6736bd0 [none]
[debug] [2025-02-27T22:41:08.309Z] <<< [apiv2][status] GET https://cloudfunctions.googleapis.com/v2/projects/helphive-a462e/locations/us-central1/operations/operation-1740695988317-62f275e0bac9c-0dfb09dd-d6736bd0 200
[debug] [2025-02-27T22:41:08.309Z] <<< [apiv2][body] GET https://cloudfunctions.googleapis.com/v2/projects/helphive-a462e/locations/us-central1/operations/operation-1740695988317-62f275e0bac9c-0dfb09dd-d6736bd0 {"name":"projects/helphive-a462e/locations/us-central1/operations/operation-1740695988317-62f275e0bac9c-0dfb09dd-d6736bd0","metadata":{"@type":"type.googleapis.com/google.cloud.functions.v2.OperationMetadata","createTime":"2025-02-27T22:39:49.170581813Z","endTime":"2025-02-27T22:41:07.003900545Z","target":"projects/helphive-a462e/locations/us-central1/functions/sendEmail","verb":"update","cancelRequested":false,"apiVersion":"v2","requestResource":{"@type":"type.googleapis.com/google.cloud.functions.v2.Function","name":"projects/helphive-a462e/locations/us-central1/functions/sendEmail","buildConfig":{"runtime":"nodejs22","entryPoint":"sendEmail","source":{"storageSource":{"bucket":"gcf-v2-sources-677989373634-us-central1","object":"sendEmail/function-source.zip","generation":"1740695989121877"}},"environmentVariables":{"GOOGLE_NODE_RUN_SCRIPTS":""},"dockerRepository":"projects/helphive-a462e/locations/us-central1/repositories/gcf-artifacts","sourceProvenance":{"resolvedStorageSource":{"bucket":"gcf-v2-sources-677989373634-us-central1","object":"sendEmail/function-source.zip","generation":"1740695674104329"}},"dockerRegistry":"ARTIFACT_REGISTRY","serviceAccount":"projects/helphive-a462e/serviceAccounts/677989373634-compute@developer.gserviceaccount.com","automaticUpdatePolicy":{}},"serviceConfig":{"service":"projects/helphive-a462e/locations/us-central1/services/sendemail","timeoutSeconds":60,"environmentVariables":{"FIREBASE_CONFIG":"{\"projectId\":\"helphive-a462e\",\"storageBucket\":\"helphive-a462e.firebasestorage.app\"}","GCLOUD_PROJECT":"helphive-a462e","EVENTARC_CLOUD_EVENT_SOURCE":"projects/helphive-a462e/locations/us-central1/services/sendEmail","FUNCTION_TARGET":"sendEmail","LOG_EXECUTION_ID":"true"},"ingressSettings":"ALLOW_ALL","serviceAccountEmail":"677989373634-compute@developer.gserviceaccount.com","availableMemory":"256Mi","maxInstanceRequestConcurrency":80,"availableCpu":"1"},"state":"FAILED","labels":{"deployment-callable":"true","firebase-functions-hash":"9566fe8253e2ad6bd37294c39d47fe8f21faa27d"},"stateMessages":[{"severity":"ERROR","type":"CloudRunServiceNotFound","message":"Cloud Run service projects/helphive-a462e/locations/us-central1/services/sendemail for the function was not found. The function will not work correctly. Please redeploy."}],"environment":"GEN_2","url":"https://us-central1-helphive-a462e.cloudfunctions.net/sendEmail","satisfiesPzi":true},"stages":[{"name":"SERVICE","state":"NOT_STARTED"}],"operationType":"UPDATE_FUNCTION"},"done":true,"error":{"code":3,"message":"Could not create or update Cloud Run service sendemail, Container Healthcheck failed. Revision 'sendemail-00001-yuh' is not ready and cannot serve traffic. The user-provided container failed to start and listen on the port defined provided by the PORT=8080 environment variable within the allocated timeout. This can happen when the container port is misconfigured or if the timeout is too short. The health check timeout can be extended. Logs for this revision might contain more information.\n\nLogs URL: https://console.cloud.google.com/logs/viewer?project=helphive-a462e&resource=cloud_run_revision/service_name/sendemail/revision_name/sendemail-00001-yuh&advancedFilter=resource.type%3D%22cloud_run_revision%22%0Aresource.labels.service_name%3D%22sendemail%22%0Aresource.labels.revision_name%3D%22sendemail-00001-yuh%22 \nFor more troubleshooting guidance, see https://cloud.google.com/run/docs/troubleshooting#container-failed-to-start"}}
[debug] [2025-02-27T22:41:08.309Z] Got source token undefined for region us-central1
[error] Could not create or update Cloud Run service sendemail, Container Healthcheck failed. Revision 'sendemail-00001-yuh' is not ready and cannot serve traffic. The user-provided container failed to start and listen on the port defined provided by the PORT=8080 environment variable within the allocated timeout. This can happen when the container port is misconfigured or if the timeout is too short. The health check timeout can be extended. Logs for this revision might contain more information.

Logs URL: https://console.cloud.google.com/logs/viewer?project=helphive-a462e&resource=cloud_run_revision/service_name/sendemail/revision_name/sendemail-00001-yuh&advancedFilter=resource.type%3D%22cloud_run_revision%22%0Aresource.labels.service_name%3D%22sendemail%22%0Aresource.labels.revision_name%3D%22sendemail-00001-yuh%22 
For more troubleshooting guidance, see https://cloud.google.com/run/docs/troubleshooting#container-failed-to-start
[debug] [2025-02-27T22:41:08.314Z] Total Function Deployment time: 80280
[debug] [2025-02-27T22:41:08.314Z] 1 Functions Deployed
[debug] [2025-02-27T22:41:08.314Z] 1 Functions Errored
[debug] [2025-02-27T22:41:08.314Z] 0 Function Deployments Aborted
[debug] [2025-02-27T22:41:08.314Z] Average Function Deployment time: 80279
[info] 
[info] Functions deploy had errors with the following functions:
	sendEmail(us-central1)
[info] i  functions: cleaning up build files... 
[debug] [2025-02-27T22:41:08.442Z] Checked if tokens are valid: true, expires at: 1740698954294
[debug] [2025-02-27T22:41:08.442Z] Checked if tokens are valid: true, expires at: 1740698954294
[debug] [2025-02-27T22:41:08.442Z] Checked if tokens are valid: true, expires at: 1740698954294
[debug] [2025-02-27T22:41:08.442Z] Checked if tokens are valid: true, expires at: 1740698954294
[debug] [2025-02-27T22:41:08.442Z] >>> [apiv2][query] DELETE https://artifactregistry.googleapis.com/v1beta2/projects/helphive-a462e/locations/us-central1/repositories/gcf-artifacts/packages/send_email [none]
[debug] [2025-02-27T22:41:08.443Z] >>> [apiv2][query] GET https://us.gcr.io/v2/helphive-a462e/gcf/us-central1/tags/list [none]
[debug] [2025-02-27T22:41:08.563Z] <<< [apiv2][status] DELETE https://artifactregistry.googleapis.com/v1beta2/projects/helphive-a462e/locations/us-central1/repositories/gcf-artifacts/packages/send_email 404
[debug] [2025-02-27T22:41:08.563Z] <<< [apiv2][body] DELETE https://artifactregistry.googleapis.com/v1beta2/projects/helphive-a462e/locations/us-central1/repositories/gcf-artifacts/packages/send_email {"error":{"code":404,"message":"Package \"projects/helphive-a462e/locations/us-central1/repositories/gcf-artifacts/packages/send_email\" was not found.","status":"NOT_FOUND"}}
[debug] [2025-02-27T22:41:08.626Z] <<< [apiv2][status] GET https://us.gcr.io/v2/helphive-a462e/gcf/us-central1/tags/list 404
[debug] [2025-02-27T22:41:08.626Z] <<< [apiv2][body] GET https://us.gcr.io/v2/helphive-a462e/gcf/us-central1/tags/list {"errors":[{"code":"NAME_UNKNOWN","message":"Repository \"us.gcr.io\" not found"}]}
[debug] [2025-02-27T22:41:08.626Z] Failed docker command with error  Request to https://us.gcr.io/v2/helphive-a462e/gcf/us-central1/tags/list had HTTP Error: 404, Not Found {"name":"FirebaseError","children":[],"context":{"body":{"errors":[{"code":"NAME_UNKNOWN","message":"Repository \"us.gcr.io\" not found"}],"error":{"message":"Not Found"}},"response":{"statusCode":404}},"exit":1,"message":"Request to https://us.gcr.io/v2/helphive-a462e/gcf/us-central1/tags/list had HTTP Error: 404, Not Found","status":404}
[debug] [2025-02-27T22:41:08.626Z] Checked if tokens are valid: true, expires at: 1740698954294
[debug] [2025-02-27T22:41:08.626Z] Checked if tokens are valid: true, expires at: 1740698954294
[debug] [2025-02-27T22:41:08.626Z] >>> [apiv2][query] GET https://us.gcr.io/v2/helphive-a462e/gcf/us-central1/tags/list [none]
[debug] [2025-02-27T22:41:08.778Z] <<< [apiv2][status] GET https://us.gcr.io/v2/helphive-a462e/gcf/us-central1/tags/list 404
[debug] [2025-02-27T22:41:08.778Z] <<< [apiv2][body] GET https://us.gcr.io/v2/helphive-a462e/gcf/us-central1/tags/list {"errors":[{"code":"NAME_UNKNOWN","message":"Repository \"us.gcr.io\" not found"}]}
[debug] [2025-02-27T22:41:08.778Z] Failed docker command with error  Request to https://us.gcr.io/v2/helphive-a462e/gcf/us-central1/tags/list had HTTP Error: 404, Not Found {"name":"FirebaseError","children":[],"context":{"body":{"errors":[{"code":"NAME_UNKNOWN","message":"Repository \"us.gcr.io\" not found"}],"error":{"message":"Not Found"}},"response":{"statusCode":404}},"exit":1,"message":"Request to https://us.gcr.io/v2/helphive-a462e/gcf/us-central1/tags/list had HTTP Error: 404, Not Found","status":404}
[debug] [2025-02-27T22:41:08.879Z] Checked if tokens are valid: true, expires at: 1740698954294
[debug] [2025-02-27T22:41:08.879Z] Checked if tokens are valid: true, expires at: 1740698954294
[debug] [2025-02-27T22:41:08.879Z] >>> [apiv2][query] GET https://us.gcr.io/v2/helphive-a462e/gcf/us-central1/tags/list [none]
[debug] [2025-02-27T22:41:09.018Z] <<< [apiv2][status] GET https://us.gcr.io/v2/helphive-a462e/gcf/us-central1/tags/list 404
[debug] [2025-02-27T22:41:09.018Z] <<< [apiv2][body] GET https://us.gcr.io/v2/helphive-a462e/gcf/us-central1/tags/list {"errors":[{"code":"NAME_UNKNOWN","message":"Repository \"us.gcr.io\" not found"}]}
[debug] [2025-02-27T22:41:09.019Z] Failed docker command with error  Request to https://us.gcr.io/v2/helphive-a462e/gcf/us-central1/tags/list had HTTP Error: 404, Not Found {"name":"FirebaseError","children":[],"context":{"body":{"errors":[{"code":"NAME_UNKNOWN","message":"Repository \"us.gcr.io\" not found"}],"error":{"message":"Not Found"}},"response":{"statusCode":404}},"exit":1,"message":"Request to https://us.gcr.io/v2/helphive-a462e/gcf/us-central1/tags/list had HTTP Error: 404, Not Found","status":404}
[warn] ⚠  functions: Unhandled error cleaning up build images. This could result in a small monthly bill if not corrected. You can attempt to delete these images by redeploying or you can delete them manually at https://console.cloud.google.com/gcr/images/helphive-a462e/us/gcf 
[debug] [2025-02-27T22:41:09.019Z] Functions deploy failed.
[debug] [2025-02-27T22:41:09.019Z] {
  "endpoint": {
    "id": "sendEmail",
    "project": "helphive-a462e",
    "region": "us-central1",
    "entryPoint": "sendEmail",
    "platform": "gcfv2",
    "runtime": "nodejs22",
    "callableTrigger": {},
    "labels": {
      "deployment-tool": "cli-firebase"
    },
    "ingressSettings": null,
    "availableMemoryMb": null,
    "serviceAccount": null,
    "timeoutSeconds": null,
    "maxInstances": null,
    "minInstances": null,
    "concurrency": 80,
    "vpc": null,
    "environmentVariables": {
      "FIREBASE_CONFIG": "{\"projectId\":\"helphive-a462e\",\"storageBucket\":\"helphive-a462e.firebasestorage.app\"}",
      "GCLOUD_PROJECT": "helphive-a462e",
      "EVENTARC_CLOUD_EVENT_SOURCE": "projects/helphive-a462e/locations/us-central1/services/sendEmail"
    },
    "codebase": "default",
    "securityLevel": "SECURE_ALWAYS",
    "cpu": 1,
    "targetedByOnly": false,
    "hash": "9566fe8253e2ad6bd37294c39d47fe8f21faa27d"
  },
  "op": "update",
  "original": {
    "name": "FirebaseError",
    "children": [],
    "exit": 1,
    "message": "Could not create or update Cloud Run service sendemail, Container Healthcheck failed. Revision 'sendemail-00001-yuh' is not ready and cannot serve traffic. The user-provided container failed to start and listen on the port defined provided by the PORT=8080 environment variable within the allocated timeout. This can happen when the container port is misconfigured or if the timeout is too short. The health check timeout can be extended. Logs for this revision might contain more information.\n\nLogs URL: https://console.cloud.google.com/logs/viewer?project=helphive-a462e&resource=cloud_run_revision/service_name/sendemail/revision_name/sendemail-00001-yuh&advancedFilter=resource.type%3D%22cloud_run_revision%22%0Aresource.labels.service_name%3D%22sendemail%22%0Aresource.labels.revision_name%3D%22sendemail-00001-yuh%22 \nFor more troubleshooting guidance, see https://cloud.google.com/run/docs/troubleshooting#container-failed-to-start",
    "original": {
      "code": 3,
      "message": "Could not create or update Cloud Run service sendemail, Container Healthcheck failed. Revision 'sendemail-00001-yuh' is not ready and cannot serve traffic. The user-provided container failed to start and listen on the port defined provided by the PORT=8080 environment variable within the allocated timeout. This can happen when the container port is misconfigured or if the timeout is too short. The health check timeout can be extended. Logs for this revision might contain more information.\n\nLogs URL: https://console.cloud.google.com/logs/viewer?project=helphive-a462e&resource=cloud_run_revision/service_name/sendemail/revision_name/sendemail-00001-yuh&advancedFilter=resource.type%3D%22cloud_run_revision%22%0Aresource.labels.service_name%3D%22sendemail%22%0Aresource.labels.revision_name%3D%22sendemail-00001-yuh%22 \nFor more troubleshooting guidance, see https://cloud.google.com/run/docs/troubleshooting#container-failed-to-start"
    },
    "status": 3,
    "code": 3
  }
}
[debug] [2025-02-27T22:41:09.056Z] Error: Failed to update function sendEmail in region us-central1
    at /usr/local/share/nvm/versions/node/v20.18.1/lib/node_modules/firebase-tools/lib/deploy/functions/release/fabricator.js:399:19
    at process.processTicksAndRejections (node:internal/process/task_queues:95:5)
    at async Fabricator.updateV2Function (/usr/local/share/nvm/versions/node/v20.18.1/lib/node_modules/firebase-tools/lib/deploy/functions/release/fabricator.js:388:32)
    at async Fabricator.updateEndpoint (/usr/local/share/nvm/versions/node/v20.18.1/lib/node_modules/firebase-tools/lib/deploy/functions/release/fabricator.js:155:13)
    at async handle (/usr/local/share/nvm/versions/node/v20.18.1/lib/node_modules/firebase-tools/lib/deploy/functions/release/fabricator.js:89:17)
[error] 
[error] Error: There was an error deploying functions
